

<!DOCTYPE html>
<html>
<head>
<meta charset="UTF-8">
<meta name="viewport" content="width=device-width, initial-scale=1, shrink-to-fit=no">
<title></title>
<link rel="apple-touch-icon" href="https://cdn.jsdelivr.net/gh/extent-framework/extent-github-cdn@b00a2d0486596e73dd7326beacf352c639623a0e/commons/img/logo.png">
<link rel="shortcut icon" href="https://cdn.jsdelivr.net/gh/extent-framework/extent-github-cdn@b00a2d0486596e73dd7326beacf352c639623a0e/commons/img/logo.png">
<link href="https://cdn.jsdelivr.net/gh/extent-framework/extent-github-cdn@ce8b10435bcbae260c334c0d0c6b61d2c19b6168/spark/css/spark-style.css" rel="stylesheet" />
<link href="https://stackpath.bootstrapcdn.com/font-awesome/4.7.0/css/font-awesome.min.css" rel="stylesheet">
<script src="https://cdn.jsdelivr.net/gh/extent-framework/extent-github-cdn@7cc78ce/spark/js/jsontree.js"></script>
<style type="text/css"></style></head><body class="spa bdd-report standard">
  <div class="app">
    <div class="layout">
<div class="header navbar">
<div class="vheader">
<div class="nav-logo">
<a href="#">
<div class="logo" style="background-image: url('https://cdn.jsdelivr.net/gh/extent-framework/extent-github-cdn@b00a2d0486596e73dd7326beacf352c639623a0e/commons/img/logo.png')"></div>
</a>
</div>
<ul class="nav-left">
<li class="search-box">
<a class="search-toggle" href="#">
<i class="search-icon fa fa-search"></i>
<i class="search-icon-close fa fa-close"></i>
</a>
</li>
<li class="search-input"><input id="search-tests" class="form-control" type="text" placeholder="Search..."></li>
</ul>
<ul class="nav-right">
<li class="m-r-10">
<a href="#"><span class="badge badge-primary"></span></a>
</li>
<li class="m-r-10">
<a href="#"><span class="badge badge-primary">Sep 25, 2025 09:52:41 PM</span></a>
</li>
</ul>
</div>
</div><div class="side-nav">
<div class="side-nav-inner">
<ul class="side-nav-menu">
<li class="nav-item dropdown" onclick="toggleView('test-view')">
<a id="nav-test" class="dropdown-toggle" href="#">
<span class="ico"><i class="fa fa-list"></i></span>
</a>
</li>
<li class="nav-item dropdown" onclick="toggleView('exception-view')">
<a id="nav-exception" class="dropdown-toggle" href="#">
<span class="ico"><i class="fa fa-bug"></i></span>
</a>
</li>
<li class="nav-item dropdown" onclick="toggleView('category-view')">
<a id="nav-category" class="dropdown-toggle" href="#">
<span class="ico"><i class="fa fa-tag"></i></span>
</a>
</li>
<li class="nav-item dropdown" onclick="toggleView('dashboard-view')">
<a id="nav-dashboard" class="dropdown-toggle" href="#">
<span class="ico"><i class="fa fa-bar-chart"></i></span>
</a>
</li>
</ul>
</div>
</div>      <div class="vcontainer">
        <div class="main-content">
<div class="test-wrapper row view test-view">
  <div class="test-list">
    <div class="test-list-tools">
<ul class="tools pull-left">
<li><a href="#"><span class="font-size-14">Tests</span></a></li>
</ul>
<ul class="tools text-right">
<li class="dropdown">
<a href="#" class="dropdown-toggle" data-toggle="dropdown"><i class="fa fa-exclamation-circle"></i></a>
<ul id="status-toggle" class="dropdown-menu dropdown-md p-v-0">
<a class="dropdown-item" status="fail" href="#"><span>Fail</span><span class="status danger"></span></a>
<div class="dropdown-divider"></div>
<a status="clear" class="dropdown-item" href="#"><span>Clear</span><span class="pull-right"><i class="fa fa-close"></i></span></a>
</ul>
</li>
<li class="dropdown">
<a href="#" class="dropdown-toggle" data-toggle="dropdown"><i class="fa fa-tag"></i></a>
<ul id="tag-toggle" class="dropdown-menu dropdown-md p-v-0">
<a class="dropdown-item" href="#">@dataTableLogin</a><a class="dropdown-item" href="#">@mapList</a><a class="dropdown-item" href="#">@listOfMap</a><a class="dropdown-item" href="#">@listOfLists</a><a class="dropdown-item" href="#">@mapListProduct</a><a class="dropdown-item" href="#">@smoke</a><a class="dropdown-item" href="#">@google_search_outline</a><a class="dropdown-item" href="#">@google_search_data_table</a>
</ul>
</li>
</ul>
</div>    <div class="test-list-wrapper scrollable">
      <ul class="test-list-item">
        <li class="test-item"  status="fail" test-id="1"
          author=""
          tag=""
          device="">
          <div class="test-detail">
            <p class="name">passing multiple parameters to the same step</p>
            <p class="text-sm">
              <span>9:52:42 PM</span> / <span>00:00:16:349</span>
              <span class="badge fail-bg log float-right">Fail</span>
            </p>
          </div>
          <div class="test-contents d-none">
<div class="detail-head">
<div class="p-v-10">
<div class="info">
<h5 class="test-status text-fail">passing multiple parameters to the same step</h5>
<span class='badge badge-success'>09.25.2025 9:52:42 PM</span>
<span class='badge badge-danger'>09.25.2025 9:52:59 PM</span>
<span class='badge badge-default'>00:00:16:349</span>
&middot; <span class='uri-anchor badge badge-default'>#test-id=1</span>
<span title='Skip to the next failed step' class='badge badge-danger pointer float-right ne ml-1'><i class="fa fa-fast-forward"></i></span>
<span title='Collapse all nodes' class='badge badge-default pointer float-right ct ml-1'><i class="fa fa-compress"></i></span>
<span title='Expand all nodes' class='badge badge-default pointer float-right et'><i class="fa fa-expand"></i></span>
</div>
<div class="m-t-10 m-l-5"></div>
</div>
</div>
<div class="accordion mt-4">
  <div class="card">
    <div class="card-header" role="tab">
      <div class="card-title">
        <div class="node" id="2"><span class="badge log fail-bg mr-2">Fail</span>Searching multiple items||</div>
          <div class="status-avatar float-right mr-4">
            <i class="fa fa-paperclip"></i>
          </div>
      </div>
    </div>
        <div class="">
          <div class="card-body">
              <div class="step pass-bg" title="BEFORE">
                <span>io.loop.step_definitions.Hook.setUp(io.cucumber.java.Scenario)</span>
      <div>Current url is: data:,
      </div>
      <div>Searching multiple items||
          <div class="row mb-3"><div class="col-md-3">
<img data-featherlight='../Screenshots/embedded1.png' src="../Screenshots/embedded1.png">
    
    </div></div>
</div>
      <div>
      </div>
              </div>
              <div class="step pass-bg" title="io.loop.step_definitions.GoogleSearchStepDefs.user_is_on_google_search_page()">
                <span>Given user is on Google search page</span>
      <div>
      </div>
              </div>
              <div class="step fail-bg" title="io.loop.step_definitions.GoogleSearchStepDefs.user_searches_the_following_items(java.util.List<java.util.Map<java.lang.String, java.lang.String>>)">
                <span>Then user searches the following items</span>
      <div><table class='markup-table table '><tr><td>items</td></tr><tr><td>loop academy</td></tr><tr><td>cup</td></tr><tr><td>Suidum</td></tr><tr><td>Mac</td></tr><tr><td>Love Bishkek</td></tr><tr><td>Tom and Jerry</td></tr></table>
      </div>
      <div>
        <textarea disabled class="code-block">org.openqa.selenium.TimeoutException: Expected condition failed: waiting for title to be "loop academy - Google Search". Current title: "https://www.google.com/search?q=loop+academy&sca_esv=148cca40eee112c3&source=hp&ei=7_HVaIv_MZjb5NoPi63LoAc&iflsig=AOw8s4IAAAAAaNX__wLMHmC6OmVK53OYKs1vGbexpwsA&ved=0ahUKEwjLsqbXqPWPAxWYLVkFHYvWEnQQ4dUDCA8&uact=5&oq=loop+academy&gs_lp=Egdnd3Mtd2l6Igxsb29wIGFjYWRlbXlIBlAAWAVwAHgAkAEAmAEAoAEAqgEAuAEDyAEA-AEBmAIAoAIAmAMAkgcAoAcAsgcAuAcAwgcAyAcA&sclient=gws-wiz&sei=8PHVaImsKpyPxc8P0Jfy-QE" (tried for 10 second(s) with 500 milliseconds interval)
Build info: version: '4.35.0', revision: '1c58e5028b'
System info: os.name: 'Mac OS X', os.arch: 'aarch64', os.version: '15.5', java.version: '19.0.2'
Driver info: org.openqa.selenium.chrome.ChromeDriver
Capabilities {acceptInsecureCerts: false, browserName: chrome, browserVersion: 140.0.7339.210, chrome: {chromedriverVersion: 140.0.7339.207 (17230b545fd..., userDataDir: /var/folders/1w/hqvwywgn2rj...}, fedcm:accounts: true, goog:chromeOptions: {debuggerAddress: localhost:64477}, networkConnectionEnabled: false, pageLoadStrategy: normal, platformName: mac, proxy: Proxy(), se:cdp: ws://localhost:64477/devtoo..., se:cdpVersion: 140.0.7339.210, setWindowRect: true, strictFileInteractability: false, timeouts: {implicit: 0, pageLoad: 300000, script: 30000}, unhandledPromptBehavior: dismiss and notify, webauthn:extension:credBlob: true, webauthn:extension:largeBlob: true, webauthn:extension:minPinLength: true, webauthn:extension:prf: true, webauthn:virtualAuthenticators: true}
Session ID: 76fbcbed9fcc3cfdf23ffa00f593e62f
	at org.openqa.selenium.support.ui.WebDriverWait.timeoutException(WebDriverWait.java:84)
	at org.openqa.selenium.support.ui.FluentWait.until(FluentWait.java:228)
	at io.loop.step_definitions.GoogleSearchStepDefs.user_searches_the_following_items(GoogleSearchStepDefs.java:99)
	at ✽.user searches the following items(file:///Users/suidum/IdeaProjects/cucumber-project-b5/src/test/resources/features/GoogleSearchDataTable.feature:6)
</textarea>
      
      </div>
              </div>
              <div class="step skip-bg" title="io.loop.step_definitions.GoogleSearchStepDefs.we_love_loop_academy()">
                <span>And we love Loop Academy</span>
      <div>Step skipped
      </div>
              </div>
              <div class="step pass-bg" title="AFTER">
                <span>io.loop.step_definitions.Hook.tearDown(io.cucumber.java.Scenario)</span>
      <div>Searching multiple items||
          <div class="row mb-3"><div class="col-md-3">
<img data-featherlight='../Screenshots/embedded2.png' src="../Screenshots/embedded2.png">
    
    </div></div>
</div>
      <div>
      </div>
              </div>
          </div>
        </div>
  </div>
</div>
          </div>
        </li>
        <li class="test-item"  status="fail" test-id="8"
          author=""
          tag=""
          device="">
          <div class="test-detail">
            <p class="name">Scenario Outline Practice</p>
            <p class="text-sm">
              <span>9:52:59 PM</span> / <span>00:01:36:897</span>
              <span class="badge fail-bg log float-right">Fail</span>
            </p>
          </div>
          <div class="test-contents d-none">
<div class="detail-head">
<div class="p-v-10">
<div class="info">
<h5 class="test-status text-fail">Scenario Outline Practice</h5>
<span class='badge badge-success'>09.25.2025 9:52:59 PM</span>
<span class='badge badge-danger'>09.25.2025 9:54:36 PM</span>
<span class='badge badge-default'>00:01:36:897</span>
&middot; <span class='uri-anchor badge badge-default'>#test-id=8</span>
<span title='Skip to the next failed step' class='badge badge-danger pointer float-right ne ml-1'><i class="fa fa-fast-forward"></i></span>
<span title='Collapse all nodes' class='badge badge-default pointer float-right ct ml-1'><i class="fa fa-compress"></i></span>
<span title='Expand all nodes' class='badge badge-default pointer float-right et'><i class="fa fa-expand"></i></span>
</div>
<div class="m-t-10 m-l-5"></div>
</div>
</div>
<div class="accordion mt-4">
  <div class="card">
    <div class="card-header" role="tab">
      <div class="card-title">
        <div class="node" id="9"><span class="badge log fail-bg mr-2">Fail</span>scenario outline</div>
          <div class="status-avatar float-right mr-4">
            <i class="fa fa-paperclip"></i>
          </div>
      </div>
    </div>
        <div class="scenario_outline ">
            <div class="card-body l1">
              <div class="card-header">
                <div class="card-title outline-child">
                  <div class="node" id="10"><span class="badge log fail-bg mr-2">Fail</span>scenario outline</div>
                    <div class="status-avatar float-right">
                      <i class="fa fa-paperclip"></i>
                    </div>
                </div>
              </div>
              <div class="card-body mt-3 ">
                  <div class="step pass-bg">
                    <span>io.loop.step_definitions.Hook.setUp(io.cucumber.java.Scenario)</span>
      <div>Current url is: data:,
      </div>
      <div>scenario outline
          <div class="row mb-3"><div class="col-md-3">
<img data-featherlight='../Screenshots/embedded3.png' src="../Screenshots/embedded3.png">
    
    </div></div>
</div>
      <div>
      </div>
                  </div>
                  <div class="step pass-bg">
                    <span>Given user is on Google search page</span>
      <div>
      </div>
                  </div>
                  <div class="step pass-bg">
                    <span>When user searches for "Kyrgyzstan"</span>
      <div>
      </div>
                  </div>
                  <div class="step fail-bg">
                    <span>Then user should be able to see "Bishkek" in the results as capital</span>
      <div>
        <textarea disabled class="code-block">org.openqa.selenium.NoSuchElementException: no such element: Unable to locate element: {"method":"xpath","selector":"//div[@class='wvKXQ']"}
  (Session info: chrome=140.0.7339.210)
For documentation on this error, please visit: https://www.selenium.dev/documentation/webdriver/troubleshooting/errors#no-such-element-exception
Build info: version: '4.35.0', revision: '1c58e5028b'
System info: os.name: 'Mac OS X', os.arch: 'aarch64', os.version: '15.5', java.version: '19.0.2'
Driver info: org.openqa.selenium.chrome.ChromeDriver
Command: [ae3df76e84dd1c92e172854a588e786b, findElement {using=xpath, value=//div[@class='wvKXQ']}]
Capabilities {acceptInsecureCerts: false, browserName: chrome, browserVersion: 140.0.7339.210, chrome: {chromedriverVersion: 140.0.7339.207 (17230b545fd..., userDataDir: /var/folders/1w/hqvwywgn2rj...}, fedcm:accounts: true, goog:chromeOptions: {debuggerAddress: localhost:64504}, networkConnectionEnabled: false, pageLoadStrategy: normal, platformName: mac, proxy: Proxy(), se:cdp: ws://localhost:64504/devtoo..., se:cdpVersion: 140.0.7339.210, setWindowRect: true, strictFileInteractability: false, timeouts: {implicit: 0, pageLoad: 300000, script: 30000}, unhandledPromptBehavior: dismiss and notify, webauthn:extension:credBlob: true, webauthn:extension:largeBlob: true, webauthn:extension:minPinLength: true, webauthn:extension:prf: true, webauthn:virtualAuthenticators: true}
Session ID: ae3df76e84dd1c92e172854a588e786b
	at java.base/jdk.internal.reflect.DirectConstructorHandleAccessor.newInstance(DirectConstructorHandleAccessor.java:67)
	at java.base/java.lang.reflect.Constructor.newInstanceWithCaller(Constructor.java:500)
	at java.base/java.lang.reflect.Constructor.newInstance(Constructor.java:484)
	at org.openqa.selenium.remote.ErrorCodec.decode(ErrorCodec.java:167)
	at org.openqa.selenium.remote.codec.w3c.W3CHttpResponseCodec.decode(W3CHttpResponseCodec.java:138)
	at org.openqa.selenium.remote.codec.w3c.W3CHttpResponseCodec.decode(W3CHttpResponseCodec.java:50)
	at org.openqa.selenium.remote.HttpCommandExecutor.execute(HttpCommandExecutor.java:215)
	at org.openqa.selenium.remote.service.DriverCommandExecutor.invokeExecute(DriverCommandExecutor.java:216)
	at org.openqa.selenium.remote.service.DriverCommandExecutor.execute(DriverCommandExecutor.java:174)
	at org.openqa.selenium.remote.RemoteWebDriver.execute(RemoteWebDriver.java:557)
	at org.openqa.selenium.remote.ElementLocation$ElementFinder$2.findElement(ElementLocation.java:165)
	at org.openqa.selenium.remote.ElementLocation.findElement(ElementLocation.java:59)
	at org.openqa.selenium.remote.RemoteWebDriver.findElement(RemoteWebDriver.java:380)
	at org.openqa.selenium.remote.RemoteWebDriver.findElement(RemoteWebDriver.java:374)
	at org.openqa.selenium.support.pagefactory.DefaultElementLocator.findElement(DefaultElementLocator.java:68)
	at org.openqa.selenium.support.pagefactory.internal.LocatingElementHandler.invoke(LocatingElementHandler.java:38)
	at jdk.proxy2/jdk.proxy2.$Proxy22.getText(Unknown Source)
	at io.loop.step_definitions.GoogleSearchStepDefs.user_should_be_able_to_see_in_the_results_as_capital(GoogleSearchStepDefs.java:63)
	at ✽.user should be able to see "Bishkek" in the results as capital(file:///Users/suidum/IdeaProjects/cucumber-project-b5/src/test/resources/features/GoogleSearchOutline.feature:7)
</textarea>
      
      </div>
                  </div>
                  <div class="step skip-bg">
                    <span>And we love Loop Academy</span>
      <div>Step skipped
      </div>
                  </div>
                  <div class="step pass-bg">
                    <span>io.loop.step_definitions.Hook.tearDown(io.cucumber.java.Scenario)</span>
      <div>scenario outline
          <div class="row mb-3"><div class="col-md-3">
<img data-featherlight='../Screenshots/embedded4.png' src="../Screenshots/embedded4.png">
    
    </div></div>
</div>
      <div>
      </div>
                  </div>
              </div>
            </div>
            <div class="card-body l1">
              <div class="card-header">
                <div class="card-title outline-child">
                  <div class="node" id="17"><span class="badge log fail-bg mr-2">Fail</span>scenario outline</div>
                    <div class="status-avatar float-right">
                      <i class="fa fa-paperclip"></i>
                    </div>
                </div>
              </div>
              <div class="card-body mt-3 ">
                  <div class="step pass-bg">
                    <span>io.loop.step_definitions.Hook.setUp(io.cucumber.java.Scenario)</span>
      <div>Current url is: data:,
      </div>
      <div>scenario outline
          <div class="row mb-3"><div class="col-md-3">
<img data-featherlight='../Screenshots/embedded5.png' src="../Screenshots/embedded5.png">
    
    </div></div>
</div>
      <div>
      </div>
                  </div>
                  <div class="step pass-bg">
                    <span>Given user is on Google search page</span>
      <div>
      </div>
                  </div>
                  <div class="step pass-bg">
                    <span>When user searches for "USA"</span>
      <div>
      </div>
                  </div>
                  <div class="step fail-bg">
                    <span>Then user should be able to see "Washington, D.C." in the results as capital</span>
      <div>
        <textarea disabled class="code-block">org.openqa.selenium.NoSuchElementException: no such element: Unable to locate element: {"method":"xpath","selector":"//div[@class='wvKXQ']"}
  (Session info: chrome=140.0.7339.210)
For documentation on this error, please visit: https://www.selenium.dev/documentation/webdriver/troubleshooting/errors#no-such-element-exception
Build info: version: '4.35.0', revision: '1c58e5028b'
System info: os.name: 'Mac OS X', os.arch: 'aarch64', os.version: '15.5', java.version: '19.0.2'
Driver info: org.openqa.selenium.chrome.ChromeDriver
Command: [f83a510f70d75527567243bc751eb3b8, findElement {using=xpath, value=//div[@class='wvKXQ']}]
Capabilities {acceptInsecureCerts: false, browserName: chrome, browserVersion: 140.0.7339.210, chrome: {chromedriverVersion: 140.0.7339.207 (17230b545fd..., userDataDir: /var/folders/1w/hqvwywgn2rj...}, fedcm:accounts: true, goog:chromeOptions: {debuggerAddress: localhost:64531}, networkConnectionEnabled: false, pageLoadStrategy: normal, platformName: mac, proxy: Proxy(), se:cdp: ws://localhost:64531/devtoo..., se:cdpVersion: 140.0.7339.210, setWindowRect: true, strictFileInteractability: false, timeouts: {implicit: 0, pageLoad: 300000, script: 30000}, unhandledPromptBehavior: dismiss and notify, webauthn:extension:credBlob: true, webauthn:extension:largeBlob: true, webauthn:extension:minPinLength: true, webauthn:extension:prf: true, webauthn:virtualAuthenticators: true}
Session ID: f83a510f70d75527567243bc751eb3b8
	at java.base/jdk.internal.reflect.DirectConstructorHandleAccessor.newInstance(DirectConstructorHandleAccessor.java:67)
	at java.base/java.lang.reflect.Constructor.newInstanceWithCaller(Constructor.java:500)
	at java.base/java.lang.reflect.Constructor.newInstance(Constructor.java:484)
	at org.openqa.selenium.remote.ErrorCodec.decode(ErrorCodec.java:167)
	at org.openqa.selenium.remote.codec.w3c.W3CHttpResponseCodec.decode(W3CHttpResponseCodec.java:138)
	at org.openqa.selenium.remote.codec.w3c.W3CHttpResponseCodec.decode(W3CHttpResponseCodec.java:50)
	at org.openqa.selenium.remote.HttpCommandExecutor.execute(HttpCommandExecutor.java:215)
	at org.openqa.selenium.remote.service.DriverCommandExecutor.invokeExecute(DriverCommandExecutor.java:216)
	at org.openqa.selenium.remote.service.DriverCommandExecutor.execute(DriverCommandExecutor.java:174)
	at org.openqa.selenium.remote.RemoteWebDriver.execute(RemoteWebDriver.java:557)
	at org.openqa.selenium.remote.ElementLocation$ElementFinder$2.findElement(ElementLocation.java:165)
	at org.openqa.selenium.remote.ElementLocation.findElement(ElementLocation.java:59)
	at org.openqa.selenium.remote.RemoteWebDriver.findElement(RemoteWebDriver.java:380)
	at org.openqa.selenium.remote.RemoteWebDriver.findElement(RemoteWebDriver.java:374)
	at org.openqa.selenium.support.pagefactory.DefaultElementLocator.findElement(DefaultElementLocator.java:68)
	at org.openqa.selenium.support.pagefactory.internal.LocatingElementHandler.invoke(LocatingElementHandler.java:38)
	at jdk.proxy2/jdk.proxy2.$Proxy22.getText(Unknown Source)
	at io.loop.step_definitions.GoogleSearchStepDefs.user_should_be_able_to_see_in_the_results_as_capital(GoogleSearchStepDefs.java:63)
	at ✽.user should be able to see "Washington, D.C." in the results as capital(file:///Users/suidum/IdeaProjects/cucumber-project-b5/src/test/resources/features/GoogleSearchOutline.feature:7)
</textarea>
      
      </div>
                  </div>
                  <div class="step skip-bg">
                    <span>And we love Loop Academy</span>
      <div>Step skipped
      </div>
                  </div>
                  <div class="step pass-bg">
                    <span>io.loop.step_definitions.Hook.tearDown(io.cucumber.java.Scenario)</span>
      <div>scenario outline
          <div class="row mb-3"><div class="col-md-3">
<img data-featherlight='../Screenshots/embedded6.png' src="../Screenshots/embedded6.png">
    
    </div></div>
</div>
      <div>
      </div>
                  </div>
              </div>
            </div>
            <div class="card-body l1">
              <div class="card-header">
                <div class="card-title outline-child">
                  <div class="node" id="24"><span class="badge log fail-bg mr-2">Fail</span>scenario outline</div>
                    <div class="status-avatar float-right">
                      <i class="fa fa-paperclip"></i>
                    </div>
                </div>
              </div>
              <div class="card-body mt-3 ">
                  <div class="step pass-bg">
                    <span>io.loop.step_definitions.Hook.setUp(io.cucumber.java.Scenario)</span>
      <div>Current url is: data:,
      </div>
      <div>scenario outline
          <div class="row mb-3"><div class="col-md-3">
<img data-featherlight='../Screenshots/embedded7.png' src="../Screenshots/embedded7.png">
    
    </div></div>
</div>
      <div>
      </div>
                  </div>
                  <div class="step pass-bg">
                    <span>Given user is on Google search page</span>
      <div>
      </div>
                  </div>
                  <div class="step pass-bg">
                    <span>When user searches for "Azerbaijan"</span>
      <div>
      </div>
                  </div>
                  <div class="step fail-bg">
                    <span>Then user should be able to see "Baku" in the results as capital</span>
      <div>
        <textarea disabled class="code-block">org.openqa.selenium.NoSuchElementException: no such element: Unable to locate element: {"method":"xpath","selector":"//div[@class='wvKXQ']"}
  (Session info: chrome=140.0.7339.210)
For documentation on this error, please visit: https://www.selenium.dev/documentation/webdriver/troubleshooting/errors#no-such-element-exception
Build info: version: '4.35.0', revision: '1c58e5028b'
System info: os.name: 'Mac OS X', os.arch: 'aarch64', os.version: '15.5', java.version: '19.0.2'
Driver info: org.openqa.selenium.chrome.ChromeDriver
Command: [fbec4ddf6e8e212c746c4950c9fb471f, findElement {using=xpath, value=//div[@class='wvKXQ']}]
Capabilities {acceptInsecureCerts: false, browserName: chrome, browserVersion: 140.0.7339.210, chrome: {chromedriverVersion: 140.0.7339.207 (17230b545fd..., userDataDir: /var/folders/1w/hqvwywgn2rj...}, fedcm:accounts: true, goog:chromeOptions: {debuggerAddress: localhost:64560}, networkConnectionEnabled: false, pageLoadStrategy: normal, platformName: mac, proxy: Proxy(), se:cdp: ws://localhost:64560/devtoo..., se:cdpVersion: 140.0.7339.210, setWindowRect: true, strictFileInteractability: false, timeouts: {implicit: 0, pageLoad: 300000, script: 30000}, unhandledPromptBehavior: dismiss and notify, webauthn:extension:credBlob: true, webauthn:extension:largeBlob: true, webauthn:extension:minPinLength: true, webauthn:extension:prf: true, webauthn:virtualAuthenticators: true}
Session ID: fbec4ddf6e8e212c746c4950c9fb471f
	at java.base/jdk.internal.reflect.DirectConstructorHandleAccessor.newInstance(DirectConstructorHandleAccessor.java:67)
	at java.base/java.lang.reflect.Constructor.newInstanceWithCaller(Constructor.java:500)
	at java.base/java.lang.reflect.Constructor.newInstance(Constructor.java:484)
	at org.openqa.selenium.remote.ErrorCodec.decode(ErrorCodec.java:167)
	at org.openqa.selenium.remote.codec.w3c.W3CHttpResponseCodec.decode(W3CHttpResponseCodec.java:138)
	at org.openqa.selenium.remote.codec.w3c.W3CHttpResponseCodec.decode(W3CHttpResponseCodec.java:50)
	at org.openqa.selenium.remote.HttpCommandExecutor.execute(HttpCommandExecutor.java:215)
	at org.openqa.selenium.remote.service.DriverCommandExecutor.invokeExecute(DriverCommandExecutor.java:216)
	at org.openqa.selenium.remote.service.DriverCommandExecutor.execute(DriverCommandExecutor.java:174)
	at org.openqa.selenium.remote.RemoteWebDriver.execute(RemoteWebDriver.java:557)
	at org.openqa.selenium.remote.ElementLocation$ElementFinder$2.findElement(ElementLocation.java:165)
	at org.openqa.selenium.remote.ElementLocation.findElement(ElementLocation.java:59)
	at org.openqa.selenium.remote.RemoteWebDriver.findElement(RemoteWebDriver.java:380)
	at org.openqa.selenium.remote.RemoteWebDriver.findElement(RemoteWebDriver.java:374)
	at org.openqa.selenium.support.pagefactory.DefaultElementLocator.findElement(DefaultElementLocator.java:68)
	at org.openqa.selenium.support.pagefactory.internal.LocatingElementHandler.invoke(LocatingElementHandler.java:38)
	at jdk.proxy2/jdk.proxy2.$Proxy22.getText(Unknown Source)
	at io.loop.step_definitions.GoogleSearchStepDefs.user_should_be_able_to_see_in_the_results_as_capital(GoogleSearchStepDefs.java:63)
	at ✽.user should be able to see "Baku" in the results as capital(file:///Users/suidum/IdeaProjects/cucumber-project-b5/src/test/resources/features/GoogleSearchOutline.feature:7)
</textarea>
      
      </div>
                  </div>
                  <div class="step skip-bg">
                    <span>And we love Loop Academy</span>
      <div>Step skipped
      </div>
                  </div>
                  <div class="step pass-bg">
                    <span>io.loop.step_definitions.Hook.tearDown(io.cucumber.java.Scenario)</span>
      <div>scenario outline
          <div class="row mb-3"><div class="col-md-3">
<img data-featherlight='../Screenshots/embedded8.png' src="../Screenshots/embedded8.png">
    
    </div></div>
</div>
      <div>
      </div>
                  </div>
              </div>
            </div>
            <div class="card-body l1">
              <div class="card-header">
                <div class="card-title outline-child">
                  <div class="node" id="31"><span class="badge log fail-bg mr-2">Fail</span>scenario outline</div>
                    <div class="status-avatar float-right">
                      <i class="fa fa-paperclip"></i>
                    </div>
                </div>
              </div>
              <div class="card-body mt-3 ">
                  <div class="step pass-bg">
                    <span>io.loop.step_definitions.Hook.setUp(io.cucumber.java.Scenario)</span>
      <div>Current url is: data:,
      </div>
      <div>scenario outline
          <div class="row mb-3"><div class="col-md-3">
<img data-featherlight='../Screenshots/embedded9.png' src="../Screenshots/embedded9.png">
    
    </div></div>
</div>
      <div>
      </div>
                  </div>
                  <div class="step pass-bg">
                    <span>Given user is on Google search page</span>
      <div>
      </div>
                  </div>
                  <div class="step pass-bg">
                    <span>When user searches for "Ukraine"</span>
      <div>
      </div>
                  </div>
                  <div class="step fail-bg">
                    <span>Then user should be able to see "Kyiv" in the results as capital</span>
      <div>
        <textarea disabled class="code-block">org.openqa.selenium.NoSuchElementException: no such element: Unable to locate element: {"method":"xpath","selector":"//div[@class='wvKXQ']"}
  (Session info: chrome=140.0.7339.210)
For documentation on this error, please visit: https://www.selenium.dev/documentation/webdriver/troubleshooting/errors#no-such-element-exception
Build info: version: '4.35.0', revision: '1c58e5028b'
System info: os.name: 'Mac OS X', os.arch: 'aarch64', os.version: '15.5', java.version: '19.0.2'
Driver info: org.openqa.selenium.chrome.ChromeDriver
Command: [8c09f8e1c02203eddc4c3a1cb537ad0a, findElement {using=xpath, value=//div[@class='wvKXQ']}]
Capabilities {acceptInsecureCerts: false, browserName: chrome, browserVersion: 140.0.7339.210, chrome: {chromedriverVersion: 140.0.7339.207 (17230b545fd..., userDataDir: /var/folders/1w/hqvwywgn2rj...}, fedcm:accounts: true, goog:chromeOptions: {debuggerAddress: localhost:64587}, networkConnectionEnabled: false, pageLoadStrategy: normal, platformName: mac, proxy: Proxy(), se:cdp: ws://localhost:64587/devtoo..., se:cdpVersion: 140.0.7339.210, setWindowRect: true, strictFileInteractability: false, timeouts: {implicit: 0, pageLoad: 300000, script: 30000}, unhandledPromptBehavior: dismiss and notify, webauthn:extension:credBlob: true, webauthn:extension:largeBlob: true, webauthn:extension:minPinLength: true, webauthn:extension:prf: true, webauthn:virtualAuthenticators: true}
Session ID: 8c09f8e1c02203eddc4c3a1cb537ad0a
	at java.base/jdk.internal.reflect.DirectConstructorHandleAccessor.newInstance(DirectConstructorHandleAccessor.java:67)
	at java.base/java.lang.reflect.Constructor.newInstanceWithCaller(Constructor.java:500)
	at java.base/java.lang.reflect.Constructor.newInstance(Constructor.java:484)
	at org.openqa.selenium.remote.ErrorCodec.decode(ErrorCodec.java:167)
	at org.openqa.selenium.remote.codec.w3c.W3CHttpResponseCodec.decode(W3CHttpResponseCodec.java:138)
	at org.openqa.selenium.remote.codec.w3c.W3CHttpResponseCodec.decode(W3CHttpResponseCodec.java:50)
	at org.openqa.selenium.remote.HttpCommandExecutor.execute(HttpCommandExecutor.java:215)
	at org.openqa.selenium.remote.service.DriverCommandExecutor.invokeExecute(DriverCommandExecutor.java:216)
	at org.openqa.selenium.remote.service.DriverCommandExecutor.execute(DriverCommandExecutor.java:174)
	at org.openqa.selenium.remote.RemoteWebDriver.execute(RemoteWebDriver.java:557)
	at org.openqa.selenium.remote.ElementLocation$ElementFinder$2.findElement(ElementLocation.java:165)
	at org.openqa.selenium.remote.ElementLocation.findElement(ElementLocation.java:59)
	at org.openqa.selenium.remote.RemoteWebDriver.findElement(RemoteWebDriver.java:380)
	at org.openqa.selenium.remote.RemoteWebDriver.findElement(RemoteWebDriver.java:374)
	at org.openqa.selenium.support.pagefactory.DefaultElementLocator.findElement(DefaultElementLocator.java:68)
	at org.openqa.selenium.support.pagefactory.internal.LocatingElementHandler.invoke(LocatingElementHandler.java:38)
	at jdk.proxy2/jdk.proxy2.$Proxy22.getText(Unknown Source)
	at io.loop.step_definitions.GoogleSearchStepDefs.user_should_be_able_to_see_in_the_results_as_capital(GoogleSearchStepDefs.java:63)
	at ✽.user should be able to see "Kyiv" in the results as capital(file:///Users/suidum/IdeaProjects/cucumber-project-b5/src/test/resources/features/GoogleSearchOutline.feature:7)
</textarea>
      
      </div>
                  </div>
                  <div class="step skip-bg">
                    <span>And we love Loop Academy</span>
      <div>Step skipped
      </div>
                  </div>
                  <div class="step pass-bg">
                    <span>io.loop.step_definitions.Hook.tearDown(io.cucumber.java.Scenario)</span>
      <div>scenario outline
          <div class="row mb-3"><div class="col-md-3">
<img data-featherlight='../Screenshots/embedded10.png' src="../Screenshots/embedded10.png">
    
    </div></div>
</div>
      <div>
      </div>
                  </div>
              </div>
            </div>
            <div class="card-body l1">
              <div class="card-header">
                <div class="card-title outline-child">
                  <div class="node" id="38"><span class="badge log fail-bg mr-2">Fail</span>scenario outline</div>
                    <div class="status-avatar float-right">
                      <i class="fa fa-paperclip"></i>
                    </div>
                </div>
              </div>
              <div class="card-body mt-3 ">
                  <div class="step pass-bg">
                    <span>io.loop.step_definitions.Hook.setUp(io.cucumber.java.Scenario)</span>
      <div>Current url is: data:,
      </div>
      <div>scenario outline
          <div class="row mb-3"><div class="col-md-3">
<img data-featherlight='../Screenshots/embedded11.png' src="../Screenshots/embedded11.png">
    
    </div></div>
</div>
      <div>
      </div>
                  </div>
                  <div class="step pass-bg">
                    <span>Given user is on Google search page</span>
      <div>
      </div>
                  </div>
                  <div class="step pass-bg">
                    <span>When user searches for "Afghanistan"</span>
      <div>
      </div>
                  </div>
                  <div class="step fail-bg">
                    <span>Then user should be able to see "Kabul" in the results as capital</span>
      <div>
        <textarea disabled class="code-block">org.openqa.selenium.NoSuchElementException: no such element: Unable to locate element: {"method":"xpath","selector":"//div[@class='wvKXQ']"}
  (Session info: chrome=140.0.7339.210)
For documentation on this error, please visit: https://www.selenium.dev/documentation/webdriver/troubleshooting/errors#no-such-element-exception
Build info: version: '4.35.0', revision: '1c58e5028b'
System info: os.name: 'Mac OS X', os.arch: 'aarch64', os.version: '15.5', java.version: '19.0.2'
Driver info: org.openqa.selenium.chrome.ChromeDriver
Command: [edf802317b014ece84945679983f4861, findElement {using=xpath, value=//div[@class='wvKXQ']}]
Capabilities {acceptInsecureCerts: false, browserName: chrome, browserVersion: 140.0.7339.210, chrome: {chromedriverVersion: 140.0.7339.207 (17230b545fd..., userDataDir: /var/folders/1w/hqvwywgn2rj...}, fedcm:accounts: true, goog:chromeOptions: {debuggerAddress: localhost:64613}, networkConnectionEnabled: false, pageLoadStrategy: normal, platformName: mac, proxy: Proxy(), se:cdp: ws://localhost:64613/devtoo..., se:cdpVersion: 140.0.7339.210, setWindowRect: true, strictFileInteractability: false, timeouts: {implicit: 0, pageLoad: 300000, script: 30000}, unhandledPromptBehavior: dismiss and notify, webauthn:extension:credBlob: true, webauthn:extension:largeBlob: true, webauthn:extension:minPinLength: true, webauthn:extension:prf: true, webauthn:virtualAuthenticators: true}
Session ID: edf802317b014ece84945679983f4861
	at java.base/jdk.internal.reflect.DirectConstructorHandleAccessor.newInstance(DirectConstructorHandleAccessor.java:67)
	at java.base/java.lang.reflect.Constructor.newInstanceWithCaller(Constructor.java:500)
	at java.base/java.lang.reflect.Constructor.newInstance(Constructor.java:484)
	at org.openqa.selenium.remote.ErrorCodec.decode(ErrorCodec.java:167)
	at org.openqa.selenium.remote.codec.w3c.W3CHttpResponseCodec.decode(W3CHttpResponseCodec.java:138)
	at org.openqa.selenium.remote.codec.w3c.W3CHttpResponseCodec.decode(W3CHttpResponseCodec.java:50)
	at org.openqa.selenium.remote.HttpCommandExecutor.execute(HttpCommandExecutor.java:215)
	at org.openqa.selenium.remote.service.DriverCommandExecutor.invokeExecute(DriverCommandExecutor.java:216)
	at org.openqa.selenium.remote.service.DriverCommandExecutor.execute(DriverCommandExecutor.java:174)
	at org.openqa.selenium.remote.RemoteWebDriver.execute(RemoteWebDriver.java:557)
	at org.openqa.selenium.remote.ElementLocation$ElementFinder$2.findElement(ElementLocation.java:165)
	at org.openqa.selenium.remote.ElementLocation.findElement(ElementLocation.java:59)
	at org.openqa.selenium.remote.RemoteWebDriver.findElement(RemoteWebDriver.java:380)
	at org.openqa.selenium.remote.RemoteWebDriver.findElement(RemoteWebDriver.java:374)
	at org.openqa.selenium.support.pagefactory.DefaultElementLocator.findElement(DefaultElementLocator.java:68)
	at org.openqa.selenium.support.pagefactory.internal.LocatingElementHandler.invoke(LocatingElementHandler.java:38)
	at jdk.proxy2/jdk.proxy2.$Proxy22.getText(Unknown Source)
	at io.loop.step_definitions.GoogleSearchStepDefs.user_should_be_able_to_see_in_the_results_as_capital(GoogleSearchStepDefs.java:63)
	at ✽.user should be able to see "Kabul" in the results as capital(file:///Users/suidum/IdeaProjects/cucumber-project-b5/src/test/resources/features/GoogleSearchOutline.feature:7)
</textarea>
      
      </div>
                  </div>
                  <div class="step skip-bg">
                    <span>And we love Loop Academy</span>
      <div>Step skipped
      </div>
                  </div>
                  <div class="step pass-bg">
                    <span>io.loop.step_definitions.Hook.tearDown(io.cucumber.java.Scenario)</span>
      <div>scenario outline
          <div class="row mb-3"><div class="col-md-3">
<img data-featherlight='../Screenshots/embedded12.png' src="../Screenshots/embedded12.png">
    
    </div></div>
</div>
      <div>
      </div>
                  </div>
              </div>
            </div>
            <div class="card-body l1">
              <div class="card-header">
                <div class="card-title outline-child">
                  <div class="node" id="45"><span class="badge log fail-bg mr-2">Fail</span>scenario outline</div>
                    <div class="status-avatar float-right">
                      <i class="fa fa-paperclip"></i>
                    </div>
                </div>
              </div>
              <div class="card-body mt-3 ">
                  <div class="step pass-bg">
                    <span>io.loop.step_definitions.Hook.setUp(io.cucumber.java.Scenario)</span>
      <div>Current url is: data:,
      </div>
      <div>scenario outline
          <div class="row mb-3"><div class="col-md-3">
<img data-featherlight='../Screenshots/embedded13.png' src="../Screenshots/embedded13.png">
    
    </div></div>
</div>
      <div>
      </div>
                  </div>
                  <div class="step pass-bg">
                    <span>Given user is on Google search page</span>
      <div>
      </div>
                  </div>
                  <div class="step pass-bg">
                    <span>When user searches for "Turkiye"</span>
      <div>
      </div>
                  </div>
                  <div class="step fail-bg">
                    <span>Then user should be able to see "Ankara" in the results as capital</span>
      <div>
        <textarea disabled class="code-block">org.openqa.selenium.NoSuchElementException: no such element: Unable to locate element: {"method":"xpath","selector":"//div[@class='wvKXQ']"}
  (Session info: chrome=140.0.7339.210)
For documentation on this error, please visit: https://www.selenium.dev/documentation/webdriver/troubleshooting/errors#no-such-element-exception
Build info: version: '4.35.0', revision: '1c58e5028b'
System info: os.name: 'Mac OS X', os.arch: 'aarch64', os.version: '15.5', java.version: '19.0.2'
Driver info: org.openqa.selenium.chrome.ChromeDriver
Command: [f8832c6fce403e6e8c06e273a1edaf74, findElement {using=xpath, value=//div[@class='wvKXQ']}]
Capabilities {acceptInsecureCerts: false, browserName: chrome, browserVersion: 140.0.7339.210, chrome: {chromedriverVersion: 140.0.7339.207 (17230b545fd..., userDataDir: /var/folders/1w/hqvwywgn2rj...}, fedcm:accounts: true, goog:chromeOptions: {debuggerAddress: localhost:64640}, networkConnectionEnabled: false, pageLoadStrategy: normal, platformName: mac, proxy: Proxy(), se:cdp: ws://localhost:64640/devtoo..., se:cdpVersion: 140.0.7339.210, setWindowRect: true, strictFileInteractability: false, timeouts: {implicit: 0, pageLoad: 300000, script: 30000}, unhandledPromptBehavior: dismiss and notify, webauthn:extension:credBlob: true, webauthn:extension:largeBlob: true, webauthn:extension:minPinLength: true, webauthn:extension:prf: true, webauthn:virtualAuthenticators: true}
Session ID: f8832c6fce403e6e8c06e273a1edaf74
	at java.base/jdk.internal.reflect.DirectConstructorHandleAccessor.newInstance(DirectConstructorHandleAccessor.java:67)
	at java.base/java.lang.reflect.Constructor.newInstanceWithCaller(Constructor.java:500)
	at java.base/java.lang.reflect.Constructor.newInstance(Constructor.java:484)
	at org.openqa.selenium.remote.ErrorCodec.decode(ErrorCodec.java:167)
	at org.openqa.selenium.remote.codec.w3c.W3CHttpResponseCodec.decode(W3CHttpResponseCodec.java:138)
	at org.openqa.selenium.remote.codec.w3c.W3CHttpResponseCodec.decode(W3CHttpResponseCodec.java:50)
	at org.openqa.selenium.remote.HttpCommandExecutor.execute(HttpCommandExecutor.java:215)
	at org.openqa.selenium.remote.service.DriverCommandExecutor.invokeExecute(DriverCommandExecutor.java:216)
	at org.openqa.selenium.remote.service.DriverCommandExecutor.execute(DriverCommandExecutor.java:174)
	at org.openqa.selenium.remote.RemoteWebDriver.execute(RemoteWebDriver.java:557)
	at org.openqa.selenium.remote.ElementLocation$ElementFinder$2.findElement(ElementLocation.java:165)
	at org.openqa.selenium.remote.ElementLocation.findElement(ElementLocation.java:59)
	at org.openqa.selenium.remote.RemoteWebDriver.findElement(RemoteWebDriver.java:380)
	at org.openqa.selenium.remote.RemoteWebDriver.findElement(RemoteWebDriver.java:374)
	at org.openqa.selenium.support.pagefactory.DefaultElementLocator.findElement(DefaultElementLocator.java:68)
	at org.openqa.selenium.support.pagefactory.internal.LocatingElementHandler.invoke(LocatingElementHandler.java:38)
	at jdk.proxy2/jdk.proxy2.$Proxy22.getText(Unknown Source)
	at io.loop.step_definitions.GoogleSearchStepDefs.user_should_be_able_to_see_in_the_results_as_capital(GoogleSearchStepDefs.java:63)
	at ✽.user should be able to see "Ankara" in the results as capital(file:///Users/suidum/IdeaProjects/cucumber-project-b5/src/test/resources/features/GoogleSearchOutline.feature:7)
</textarea>
      
      </div>
                  </div>
                  <div class="step skip-bg">
                    <span>And we love Loop Academy</span>
      <div>Step skipped
      </div>
                  </div>
                  <div class="step pass-bg">
                    <span>io.loop.step_definitions.Hook.tearDown(io.cucumber.java.Scenario)</span>
      <div>scenario outline
          <div class="row mb-3"><div class="col-md-3">
<img data-featherlight='../Screenshots/embedded14.png' src="../Screenshots/embedded14.png">
    
    </div></div>
</div>
      <div>
      </div>
                  </div>
              </div>
            </div>
            <div class="card-body l1">
              <div class="card-header">
                <div class="card-title outline-child">
                  <div class="node" id="52"><span class="badge log fail-bg mr-2">Fail</span>scenario outline</div>
                    <div class="status-avatar float-right">
                      <i class="fa fa-paperclip"></i>
                    </div>
                </div>
              </div>
              <div class="card-body mt-3 ">
                  <div class="step pass-bg">
                    <span>io.loop.step_definitions.Hook.setUp(io.cucumber.java.Scenario)</span>
      <div>Current url is: data:,
      </div>
      <div>scenario outline
          <div class="row mb-3"><div class="col-md-3">
<img data-featherlight='../Screenshots/embedded15.png' src="../Screenshots/embedded15.png">
    
    </div></div>
</div>
      <div>
      </div>
                  </div>
                  <div class="step pass-bg">
                    <span>Given user is on Google search page</span>
      <div>
      </div>
                  </div>
                  <div class="step pass-bg">
                    <span>When user searches for "Uzbekistan"</span>
      <div>
      </div>
                  </div>
                  <div class="step fail-bg">
                    <span>Then user should be able to see "Tashkent" in the results as capital</span>
      <div>
        <textarea disabled class="code-block">org.openqa.selenium.NoSuchElementException: no such element: Unable to locate element: {"method":"xpath","selector":"//div[@class='wvKXQ']"}
  (Session info: chrome=140.0.7339.210)
For documentation on this error, please visit: https://www.selenium.dev/documentation/webdriver/troubleshooting/errors#no-such-element-exception
Build info: version: '4.35.0', revision: '1c58e5028b'
System info: os.name: 'Mac OS X', os.arch: 'aarch64', os.version: '15.5', java.version: '19.0.2'
Driver info: org.openqa.selenium.chrome.ChromeDriver
Command: [dcdb9fe2e109b85d179710d631000557, findElement {using=xpath, value=//div[@class='wvKXQ']}]
Capabilities {acceptInsecureCerts: false, browserName: chrome, browserVersion: 140.0.7339.210, chrome: {chromedriverVersion: 140.0.7339.207 (17230b545fd..., userDataDir: /var/folders/1w/hqvwywgn2rj...}, fedcm:accounts: true, goog:chromeOptions: {debuggerAddress: localhost:64667}, networkConnectionEnabled: false, pageLoadStrategy: normal, platformName: mac, proxy: Proxy(), se:cdp: ws://localhost:64667/devtoo..., se:cdpVersion: 140.0.7339.210, setWindowRect: true, strictFileInteractability: false, timeouts: {implicit: 0, pageLoad: 300000, script: 30000}, unhandledPromptBehavior: dismiss and notify, webauthn:extension:credBlob: true, webauthn:extension:largeBlob: true, webauthn:extension:minPinLength: true, webauthn:extension:prf: true, webauthn:virtualAuthenticators: true}
Session ID: dcdb9fe2e109b85d179710d631000557
	at java.base/jdk.internal.reflect.DirectConstructorHandleAccessor.newInstance(DirectConstructorHandleAccessor.java:67)
	at java.base/java.lang.reflect.Constructor.newInstanceWithCaller(Constructor.java:500)
	at java.base/java.lang.reflect.Constructor.newInstance(Constructor.java:484)
	at org.openqa.selenium.remote.ErrorCodec.decode(ErrorCodec.java:167)
	at org.openqa.selenium.remote.codec.w3c.W3CHttpResponseCodec.decode(W3CHttpResponseCodec.java:138)
	at org.openqa.selenium.remote.codec.w3c.W3CHttpResponseCodec.decode(W3CHttpResponseCodec.java:50)
	at org.openqa.selenium.remote.HttpCommandExecutor.execute(HttpCommandExecutor.java:215)
	at org.openqa.selenium.remote.service.DriverCommandExecutor.invokeExecute(DriverCommandExecutor.java:216)
	at org.openqa.selenium.remote.service.DriverCommandExecutor.execute(DriverCommandExecutor.java:174)
	at org.openqa.selenium.remote.RemoteWebDriver.execute(RemoteWebDriver.java:557)
	at org.openqa.selenium.remote.ElementLocation$ElementFinder$2.findElement(ElementLocation.java:165)
	at org.openqa.selenium.remote.ElementLocation.findElement(ElementLocation.java:59)
	at org.openqa.selenium.remote.RemoteWebDriver.findElement(RemoteWebDriver.java:380)
	at org.openqa.selenium.remote.RemoteWebDriver.findElement(RemoteWebDriver.java:374)
	at org.openqa.selenium.support.pagefactory.DefaultElementLocator.findElement(DefaultElementLocator.java:68)
	at org.openqa.selenium.support.pagefactory.internal.LocatingElementHandler.invoke(LocatingElementHandler.java:38)
	at jdk.proxy2/jdk.proxy2.$Proxy22.getText(Unknown Source)
	at io.loop.step_definitions.GoogleSearchStepDefs.user_should_be_able_to_see_in_the_results_as_capital(GoogleSearchStepDefs.java:63)
	at ✽.user should be able to see "Tashkent" in the results as capital(file:///Users/suidum/IdeaProjects/cucumber-project-b5/src/test/resources/features/GoogleSearchOutline.feature:7)
</textarea>
      
      </div>
                  </div>
                  <div class="step skip-bg">
                    <span>And we love Loop Academy</span>
      <div>Step skipped
      </div>
                  </div>
                  <div class="step pass-bg">
                    <span>io.loop.step_definitions.Hook.tearDown(io.cucumber.java.Scenario)</span>
      <div>scenario outline
          <div class="row mb-3"><div class="col-md-3">
<img data-featherlight='../Screenshots/embedded16.png' src="../Screenshots/embedded16.png">
    
    </div></div>
</div>
      <div>
      </div>
                  </div>
              </div>
            </div>
            <div class="card-body l1">
              <div class="card-header">
                <div class="card-title outline-child">
                  <div class="node" id="59"><span class="badge log fail-bg mr-2">Fail</span>scenario outline</div>
                    <div class="status-avatar float-right">
                      <i class="fa fa-paperclip"></i>
                    </div>
                </div>
              </div>
              <div class="card-body mt-3 ">
                  <div class="step pass-bg">
                    <span>io.loop.step_definitions.Hook.setUp(io.cucumber.java.Scenario)</span>
      <div>Current url is: data:,
      </div>
      <div>scenario outline
          <div class="row mb-3"><div class="col-md-3">
<img data-featherlight='../Screenshots/embedded17.png' src="../Screenshots/embedded17.png">
    
    </div></div>
</div>
      <div>
      </div>
                  </div>
                  <div class="step pass-bg">
                    <span>Given user is on Google search page</span>
      <div>
      </div>
                  </div>
                  <div class="step pass-bg">
                    <span>When user searches for "Georgia"</span>
      <div>
      </div>
                  </div>
                  <div class="step fail-bg">
                    <span>Then user should be able to see "Tbilisi" in the results as capital</span>
      <div>
        <textarea disabled class="code-block">org.openqa.selenium.NoSuchElementException: no such element: Unable to locate element: {"method":"xpath","selector":"//div[@class='wvKXQ']"}
  (Session info: chrome=140.0.7339.210)
For documentation on this error, please visit: https://www.selenium.dev/documentation/webdriver/troubleshooting/errors#no-such-element-exception
Build info: version: '4.35.0', revision: '1c58e5028b'
System info: os.name: 'Mac OS X', os.arch: 'aarch64', os.version: '15.5', java.version: '19.0.2'
Driver info: org.openqa.selenium.chrome.ChromeDriver
Command: [8eb0e6145a4b33244bc65bd24c268731, findElement {using=xpath, value=//div[@class='wvKXQ']}]
Capabilities {acceptInsecureCerts: false, browserName: chrome, browserVersion: 140.0.7339.210, chrome: {chromedriverVersion: 140.0.7339.207 (17230b545fd..., userDataDir: /var/folders/1w/hqvwywgn2rj...}, fedcm:accounts: true, goog:chromeOptions: {debuggerAddress: localhost:64696}, networkConnectionEnabled: false, pageLoadStrategy: normal, platformName: mac, proxy: Proxy(), se:cdp: ws://localhost:64696/devtoo..., se:cdpVersion: 140.0.7339.210, setWindowRect: true, strictFileInteractability: false, timeouts: {implicit: 0, pageLoad: 300000, script: 30000}, unhandledPromptBehavior: dismiss and notify, webauthn:extension:credBlob: true, webauthn:extension:largeBlob: true, webauthn:extension:minPinLength: true, webauthn:extension:prf: true, webauthn:virtualAuthenticators: true}
Session ID: 8eb0e6145a4b33244bc65bd24c268731
	at java.base/jdk.internal.reflect.DirectConstructorHandleAccessor.newInstance(DirectConstructorHandleAccessor.java:67)
	at java.base/java.lang.reflect.Constructor.newInstanceWithCaller(Constructor.java:500)
	at java.base/java.lang.reflect.Constructor.newInstance(Constructor.java:484)
	at org.openqa.selenium.remote.ErrorCodec.decode(ErrorCodec.java:167)
	at org.openqa.selenium.remote.codec.w3c.W3CHttpResponseCodec.decode(W3CHttpResponseCodec.java:138)
	at org.openqa.selenium.remote.codec.w3c.W3CHttpResponseCodec.decode(W3CHttpResponseCodec.java:50)
	at org.openqa.selenium.remote.HttpCommandExecutor.execute(HttpCommandExecutor.java:215)
	at org.openqa.selenium.remote.service.DriverCommandExecutor.invokeExecute(DriverCommandExecutor.java:216)
	at org.openqa.selenium.remote.service.DriverCommandExecutor.execute(DriverCommandExecutor.java:174)
	at org.openqa.selenium.remote.RemoteWebDriver.execute(RemoteWebDriver.java:557)
	at org.openqa.selenium.remote.ElementLocation$ElementFinder$2.findElement(ElementLocation.java:165)
	at org.openqa.selenium.remote.ElementLocation.findElement(ElementLocation.java:59)
	at org.openqa.selenium.remote.RemoteWebDriver.findElement(RemoteWebDriver.java:380)
	at org.openqa.selenium.remote.RemoteWebDriver.findElement(RemoteWebDriver.java:374)
	at org.openqa.selenium.support.pagefactory.DefaultElementLocator.findElement(DefaultElementLocator.java:68)
	at org.openqa.selenium.support.pagefactory.internal.LocatingElementHandler.invoke(LocatingElementHandler.java:38)
	at jdk.proxy2/jdk.proxy2.$Proxy22.getText(Unknown Source)
	at io.loop.step_definitions.GoogleSearchStepDefs.user_should_be_able_to_see_in_the_results_as_capital(GoogleSearchStepDefs.java:63)
	at ✽.user should be able to see "Tbilisi" in the results as capital(file:///Users/suidum/IdeaProjects/cucumber-project-b5/src/test/resources/features/GoogleSearchOutline.feature:7)
</textarea>
      
      </div>
                  </div>
                  <div class="step skip-bg">
                    <span>And we love Loop Academy</span>
      <div>Step skipped
      </div>
                  </div>
                  <div class="step pass-bg">
                    <span>io.loop.step_definitions.Hook.tearDown(io.cucumber.java.Scenario)</span>
      <div>scenario outline
          <div class="row mb-3"><div class="col-md-3">
<img data-featherlight='../Screenshots/embedded18.png' src="../Screenshots/embedded18.png">
    
    </div></div>
</div>
      <div>
      </div>
                  </div>
              </div>
            </div>
        </div>
  </div>
</div>
          </div>
        </li>
        <li class="test-item"  status="fail" test-id="66"
          author=""
          tag=""
          device="">
          <div class="test-detail">
            <p class="name">Docuport Login Logout Feature</p>
            <p class="text-sm">
              <span>9:54:36 PM</span> / <span>00:00:24:525</span>
              <span class="badge fail-bg log float-right">Fail</span>
            </p>
          </div>
          <div class="test-contents d-none">
<div class="detail-head">
<div class="p-v-10">
<div class="info">
<h5 class="test-status text-fail">Docuport Login Logout Feature</h5>
<span class='badge badge-success'>09.25.2025 9:54:36 PM</span>
<span class='badge badge-danger'>09.25.2025 9:55:00 PM</span>
<span class='badge badge-default'>00:00:24:525</span>
&middot; <span class='uri-anchor badge badge-default'>#test-id=66</span>
<span title='Skip to the next failed step' class='badge badge-danger pointer float-right ne ml-1'><i class="fa fa-fast-forward"></i></span>
<span title='Collapse all nodes' class='badge badge-default pointer float-right ct ml-1'><i class="fa fa-compress"></i></span>
<span title='Expand all nodes' class='badge badge-default pointer float-right et'><i class="fa fa-expand"></i></span>
</div>
<div class="m-t-10 m-l-5"></div>
</div>
</div>
<div class="accordion mt-4">
  <div class="card">
    <div class="card-header" role="tab">
      <div class="card-title">
        <div class="node" id="67"><span class="badge log pass-bg mr-2">Pass</span>Login as a client</div>
          <div class="status-avatar float-right mr-4">
            <i class="fa fa-paperclip"></i>
          </div>
      </div>
    </div>
        <div class="collapse">
          <div class="card-body">
              <div class="step pass-bg" title="BEFORE">
                <span>io.loop.step_definitions.Hook.setUp(io.cucumber.java.Scenario)</span>
      <div>Current url is: data:,
      </div>
      <div>Login as a client
          <div class="row mb-3"><div class="col-md-3">
<img data-featherlight='../Screenshots/embedded19.png' src="../Screenshots/embedded19.png">
    
    </div></div>
</div>
      <div>
      </div>
              </div>
              <div class="step pass-bg" title="io.loop.step_definitions.LoginStepDefs.user_is_on_docuport_login_page()">
                <span>Given user is on Docuport login page</span>
      <div>
      </div>
              </div>
              <div class="step pass-bg" title="io.loop.step_definitions.LoginStepDefs.user_enters_username_for_client()">
                <span>When user enters username for client</span>
      <div>
      </div>
              </div>
              <div class="step pass-bg" title="io.loop.step_definitions.LoginStepDefs.user_enters_password_for_client()">
                <span>And user enters password for client</span>
      <div>
      </div>
              </div>
              <div class="step pass-bg" title="io.loop.step_definitions.LoginStepDefs.user_clicks_login_button()">
                <span>And user clicks login button</span>
      <div>
      </div>
              </div>
              <div class="step pass-bg" title="io.loop.step_definitions.LoginStepDefs.user_should_be_able_to_see_home_page_for_client()">
                <span>Then user should be able to see home page for client</span>
      <div>
      </div>
              </div>
          </div>
        </div>
  </div>
  <div class="card">
    <div class="card-header" role="tab">
      <div class="card-title">
        <div class="node" id="75"><span class="badge log fail-bg mr-2">Fail</span>Login as a employee</div>
          <div class="status-avatar float-right mr-4">
            <i class="fa fa-paperclip"></i>
          </div>
      </div>
    </div>
        <div class="">
          <div class="card-body">
              <div class="step pass-bg" title="BEFORE">
                <span>io.loop.step_definitions.Hook.setUp(io.cucumber.java.Scenario)</span>
      <div>Current url is: data:,
      </div>
      <div>Login as a employee
          <div class="row mb-3"><div class="col-md-3">
<img data-featherlight='../Screenshots/embedded20.png' src="../Screenshots/embedded20.png">
    
    </div></div>
</div>
      <div>
      </div>
              </div>
              <div class="step pass-bg" title="io.loop.step_definitions.LoginStepDefs.user_is_on_docuport_login_page()">
                <span>Given user is on Docuport login page</span>
      <div>
      </div>
              </div>
              <div class="step pass-bg" title="io.loop.step_definitions.LoginStepDefs.user_enters_username_for_employee()">
                <span>When user enters username for employee</span>
      <div>
      </div>
              </div>
              <div class="step pass-bg" title="io.loop.step_definitions.LoginStepDefs.user_enters_password_for_employee()">
                <span>And user enters password for employee</span>
      <div>
      </div>
              </div>
              <div class="step fail-bg" title="io.loop.step_definitions.LoginStepDefs.user_clicks_login_button()">
                <span>And user clicks login button</span>
      <div>
        <textarea disabled class="code-block">org.openqa.selenium.StaleElementReferenceException: stale element reference: stale element not found in the current frame
  (Session info: chrome=140.0.7339.210)
For documentation on this error, please visit: https://www.selenium.dev/documentation/webdriver/troubleshooting/errors#stale-element-reference-exception
Build info: version: '4.35.0', revision: '1c58e5028b'
System info: os.name: 'Mac OS X', os.arch: 'aarch64', os.version: '15.5', java.version: '19.0.2'
Driver info: org.openqa.selenium.chrome.ChromeDriver
Command: [5373ac164adf75803a2b998bf4d2c17f, clickElement {id=f.2F53460B54C9C5393FA4FF32C336EFF0.d.A0FDB1015D63B383EF54A7B4E664CD48.e.6}]
Capabilities {acceptInsecureCerts: false, browserName: chrome, browserVersion: 140.0.7339.210, chrome: {chromedriverVersion: 140.0.7339.207 (17230b545fd..., userDataDir: /var/folders/1w/hqvwywgn2rj...}, fedcm:accounts: true, goog:chromeOptions: {debuggerAddress: localhost:64758}, networkConnectionEnabled: false, pageLoadStrategy: normal, platformName: mac, proxy: Proxy(), se:cdp: ws://localhost:64758/devtoo..., se:cdpVersion: 140.0.7339.210, setWindowRect: true, strictFileInteractability: false, timeouts: {implicit: 0, pageLoad: 300000, script: 30000}, unhandledPromptBehavior: dismiss and notify, webauthn:extension:credBlob: true, webauthn:extension:largeBlob: true, webauthn:extension:minPinLength: true, webauthn:extension:prf: true, webauthn:virtualAuthenticators: true}
Element: [[ChromeDriver: chrome on mac (5373ac164adf75803a2b998bf4d2c17f)] -> xpath: //button[@type='submit']]
Session ID: 5373ac164adf75803a2b998bf4d2c17f
	at java.base/jdk.internal.reflect.DirectConstructorHandleAccessor.newInstance(DirectConstructorHandleAccessor.java:67)
	at java.base/java.lang.reflect.Constructor.newInstanceWithCaller(Constructor.java:500)
	at java.base/java.lang.reflect.Constructor.newInstance(Constructor.java:484)
	at org.openqa.selenium.remote.ErrorCodec.decode(ErrorCodec.java:167)
	at org.openqa.selenium.remote.codec.w3c.W3CHttpResponseCodec.decode(W3CHttpResponseCodec.java:138)
	at org.openqa.selenium.remote.codec.w3c.W3CHttpResponseCodec.decode(W3CHttpResponseCodec.java:50)
	at org.openqa.selenium.remote.HttpCommandExecutor.execute(HttpCommandExecutor.java:215)
	at org.openqa.selenium.remote.service.DriverCommandExecutor.invokeExecute(DriverCommandExecutor.java:216)
	at org.openqa.selenium.remote.service.DriverCommandExecutor.execute(DriverCommandExecutor.java:174)
	at org.openqa.selenium.remote.RemoteWebDriver.execute(RemoteWebDriver.java:557)
	at org.openqa.selenium.remote.RemoteWebElement.execute(RemoteWebElement.java:223)
	at org.openqa.selenium.remote.RemoteWebElement.click(RemoteWebElement.java:76)
	at java.base/jdk.internal.reflect.DirectMethodHandleAccessor.invoke(DirectMethodHandleAccessor.java:104)
	at java.base/java.lang.reflect.Method.invoke(Method.java:578)
	at org.openqa.selenium.support.pagefactory.internal.LocatingElementHandler.invoke(LocatingElementHandler.java:51)
	at jdk.proxy2/jdk.proxy2.$Proxy22.click(Unknown Source)
	at io.loop.step_definitions.LoginStepDefs.user_clicks_login_button(LoginStepDefs.java:41)
	at ✽.user clicks login button(file:///Users/suidum/IdeaProjects/cucumber-project-b5/src/test/resources/features/LoginFeature.feature:19)
</textarea>
      
      </div>
              </div>
              <div class="step skip-bg" title="io.loop.step_definitions.LoginStepDefs.user_should_be_able_to_see_home_page_for_employee()">
                <span>Then user should be able to see home page for employee</span>
      <div>Step skipped
      </div>
              </div>
              <div class="step pass-bg" title="AFTER">
                <span>io.loop.step_definitions.Hook.tearDown(io.cucumber.java.Scenario)</span>
      <div>Login as a employee
          <div class="row mb-3"><div class="col-md-3">
<img data-featherlight='../Screenshots/embedded21.png' src="../Screenshots/embedded21.png">
    
    </div></div>
</div>
      <div>
      </div>
              </div>
          </div>
        </div>
  </div>
  <div class="card">
    <div class="card-header" role="tab">
      <div class="card-title">
        <div class="node" id="83"><span class="badge log fail-bg mr-2">Fail</span>Login as a advisor</div>
          <div class="status-avatar float-right mr-4">
            <i class="fa fa-paperclip"></i>
          </div>
      </div>
    </div>
        <div class="">
          <div class="card-body">
              <div class="step pass-bg" title="BEFORE">
                <span>io.loop.step_definitions.Hook.setUp(io.cucumber.java.Scenario)</span>
      <div>Current url is: data:,
      </div>
      <div>Login as a advisor
          <div class="row mb-3"><div class="col-md-3">
<img data-featherlight='../Screenshots/embedded22.png' src="../Screenshots/embedded22.png">
    
    </div></div>
</div>
      <div>
      </div>
              </div>
              <div class="step pass-bg" title="io.loop.step_definitions.LoginStepDefs.user_is_on_docuport_login_page()">
                <span>Given user is on Docuport login page</span>
      <div>
      </div>
              </div>
              <div class="step pass-bg" title="io.loop.step_definitions.LoginStepDefs.user_enters_username_for_advisor()">
                <span>When user enters username for advisor</span>
      <div>
      </div>
              </div>
              <div class="step pass-bg" title="io.loop.step_definitions.LoginStepDefs.user_enters_password_for_advisor()">
                <span>And user enters password for advisor</span>
      <div>
      </div>
              </div>
              <div class="step fail-bg" title="io.loop.step_definitions.LoginStepDefs.user_clicks_login_button()">
                <span>And user clicks login button</span>
      <div>
        <textarea disabled class="code-block">org.openqa.selenium.StaleElementReferenceException: stale element reference: stale element not found in the current frame
  (Session info: chrome=140.0.7339.210)
For documentation on this error, please visit: https://www.selenium.dev/documentation/webdriver/troubleshooting/errors#stale-element-reference-exception
Build info: version: '4.35.0', revision: '1c58e5028b'
System info: os.name: 'Mac OS X', os.arch: 'aarch64', os.version: '15.5', java.version: '19.0.2'
Driver info: org.openqa.selenium.chrome.ChromeDriver
Command: [daf50fa59808f6d26be620353f65b262, clickElement {id=f.8640628BD1F9DB43912205CFBD18E2B8.d.9C8777BDCC33616C93CCCA379068C17E.e.6}]
Capabilities {acceptInsecureCerts: false, browserName: chrome, browserVersion: 140.0.7339.210, chrome: {chromedriverVersion: 140.0.7339.207 (17230b545fd..., userDataDir: /var/folders/1w/hqvwywgn2rj...}, fedcm:accounts: true, goog:chromeOptions: {debuggerAddress: localhost:64780}, networkConnectionEnabled: false, pageLoadStrategy: normal, platformName: mac, proxy: Proxy(), se:cdp: ws://localhost:64780/devtoo..., se:cdpVersion: 140.0.7339.210, setWindowRect: true, strictFileInteractability: false, timeouts: {implicit: 0, pageLoad: 300000, script: 30000}, unhandledPromptBehavior: dismiss and notify, webauthn:extension:credBlob: true, webauthn:extension:largeBlob: true, webauthn:extension:minPinLength: true, webauthn:extension:prf: true, webauthn:virtualAuthenticators: true}
Element: [[ChromeDriver: chrome on mac (daf50fa59808f6d26be620353f65b262)] -> xpath: //button[@type='submit']]
Session ID: daf50fa59808f6d26be620353f65b262
	at java.base/jdk.internal.reflect.DirectConstructorHandleAccessor.newInstance(DirectConstructorHandleAccessor.java:67)
	at java.base/java.lang.reflect.Constructor.newInstanceWithCaller(Constructor.java:500)
	at java.base/java.lang.reflect.Constructor.newInstance(Constructor.java:484)
	at org.openqa.selenium.remote.ErrorCodec.decode(ErrorCodec.java:167)
	at org.openqa.selenium.remote.codec.w3c.W3CHttpResponseCodec.decode(W3CHttpResponseCodec.java:138)
	at org.openqa.selenium.remote.codec.w3c.W3CHttpResponseCodec.decode(W3CHttpResponseCodec.java:50)
	at org.openqa.selenium.remote.HttpCommandExecutor.execute(HttpCommandExecutor.java:215)
	at org.openqa.selenium.remote.service.DriverCommandExecutor.invokeExecute(DriverCommandExecutor.java:216)
	at org.openqa.selenium.remote.service.DriverCommandExecutor.execute(DriverCommandExecutor.java:174)
	at org.openqa.selenium.remote.RemoteWebDriver.execute(RemoteWebDriver.java:557)
	at org.openqa.selenium.remote.RemoteWebElement.execute(RemoteWebElement.java:223)
	at org.openqa.selenium.remote.RemoteWebElement.click(RemoteWebElement.java:76)
	at java.base/jdk.internal.reflect.DirectMethodHandleAccessor.invoke(DirectMethodHandleAccessor.java:104)
	at java.base/java.lang.reflect.Method.invoke(Method.java:578)
	at org.openqa.selenium.support.pagefactory.internal.LocatingElementHandler.invoke(LocatingElementHandler.java:51)
	at jdk.proxy2/jdk.proxy2.$Proxy22.click(Unknown Source)
	at io.loop.step_definitions.LoginStepDefs.user_clicks_login_button(LoginStepDefs.java:41)
	at ✽.user clicks login button(file:///Users/suidum/IdeaProjects/cucumber-project-b5/src/test/resources/features/LoginFeature.feature:27)
</textarea>
      
      </div>
              </div>
              <div class="step skip-bg" title="io.loop.step_definitions.LoginStepDefs.user_should_be_able_to_see_home_page_for_advisor()">
                <span>Then user should be able to see home page for advisor</span>
      <div>Step skipped
      </div>
              </div>
              <div class="step pass-bg" title="AFTER">
                <span>io.loop.step_definitions.Hook.tearDown(io.cucumber.java.Scenario)</span>
      <div>Login as a advisor
          <div class="row mb-3"><div class="col-md-3">
<img data-featherlight='../Screenshots/embedded23.png' src="../Screenshots/embedded23.png">
    
    </div></div>
</div>
      <div>
      </div>
              </div>
          </div>
        </div>
  </div>
  <div class="card">
    <div class="card-header" role="tab">
      <div class="card-title">
        <div class="node" id="91"><span class="badge log fail-bg mr-2">Fail</span>Login as a supervisor</div>
          <div class="status-avatar float-right mr-4">
            <i class="fa fa-paperclip"></i>
          </div>
      </div>
    </div>
        <div class="">
          <div class="card-body">
              <div class="step pass-bg" title="BEFORE">
                <span>io.loop.step_definitions.Hook.setUp(io.cucumber.java.Scenario)</span>
      <div>Current url is: data:,
      </div>
      <div>Login as a supervisor
          <div class="row mb-3"><div class="col-md-3">
<img data-featherlight='../Screenshots/embedded24.png' src="../Screenshots/embedded24.png">
    
    </div></div>
</div>
      <div>
      </div>
              </div>
              <div class="step pass-bg" title="io.loop.step_definitions.LoginStepDefs.user_is_on_docuport_login_page()">
                <span>Given user is on Docuport login page</span>
      <div>
      </div>
              </div>
              <div class="step pass-bg" title="io.loop.step_definitions.LoginStepDefs.user_enters_username_for_supervisor()">
                <span>When user enters username for supervisor</span>
      <div>
      </div>
              </div>
              <div class="step pass-bg" title="io.loop.step_definitions.LoginStepDefs.user_enters_password_for_supervisor()">
                <span>And user enters password for supervisor</span>
      <div>
      </div>
              </div>
              <div class="step fail-bg" title="io.loop.step_definitions.LoginStepDefs.user_clicks_login_button()">
                <span>And user clicks login button</span>
      <div>
        <textarea disabled class="code-block">org.openqa.selenium.StaleElementReferenceException: stale element reference: stale element not found in the current frame
  (Session info: chrome=140.0.7339.210)
For documentation on this error, please visit: https://www.selenium.dev/documentation/webdriver/troubleshooting/errors#stale-element-reference-exception
Build info: version: '4.35.0', revision: '1c58e5028b'
System info: os.name: 'Mac OS X', os.arch: 'aarch64', os.version: '15.5', java.version: '19.0.2'
Driver info: org.openqa.selenium.chrome.ChromeDriver
Command: [6a8f322f765a650bc01fe08fa563c9b5, clickElement {id=f.F48EDCFD35DD9C326F3FCFEEC5C543DE.d.EC567A0AC546C8061646C46C7FA39312.e.6}]
Capabilities {acceptInsecureCerts: false, browserName: chrome, browserVersion: 140.0.7339.210, chrome: {chromedriverVersion: 140.0.7339.207 (17230b545fd..., userDataDir: /var/folders/1w/hqvwywgn2rj...}, fedcm:accounts: true, goog:chromeOptions: {debuggerAddress: localhost:64802}, networkConnectionEnabled: false, pageLoadStrategy: normal, platformName: mac, proxy: Proxy(), se:cdp: ws://localhost:64802/devtoo..., se:cdpVersion: 140.0.7339.210, setWindowRect: true, strictFileInteractability: false, timeouts: {implicit: 0, pageLoad: 300000, script: 30000}, unhandledPromptBehavior: dismiss and notify, webauthn:extension:credBlob: true, webauthn:extension:largeBlob: true, webauthn:extension:minPinLength: true, webauthn:extension:prf: true, webauthn:virtualAuthenticators: true}
Element: [[ChromeDriver: chrome on mac (6a8f322f765a650bc01fe08fa563c9b5)] -> xpath: //button[@type='submit']]
Session ID: 6a8f322f765a650bc01fe08fa563c9b5
	at java.base/jdk.internal.reflect.DirectConstructorHandleAccessor.newInstance(DirectConstructorHandleAccessor.java:67)
	at java.base/java.lang.reflect.Constructor.newInstanceWithCaller(Constructor.java:500)
	at java.base/java.lang.reflect.Constructor.newInstance(Constructor.java:484)
	at org.openqa.selenium.remote.ErrorCodec.decode(ErrorCodec.java:167)
	at org.openqa.selenium.remote.codec.w3c.W3CHttpResponseCodec.decode(W3CHttpResponseCodec.java:138)
	at org.openqa.selenium.remote.codec.w3c.W3CHttpResponseCodec.decode(W3CHttpResponseCodec.java:50)
	at org.openqa.selenium.remote.HttpCommandExecutor.execute(HttpCommandExecutor.java:215)
	at org.openqa.selenium.remote.service.DriverCommandExecutor.invokeExecute(DriverCommandExecutor.java:216)
	at org.openqa.selenium.remote.service.DriverCommandExecutor.execute(DriverCommandExecutor.java:174)
	at org.openqa.selenium.remote.RemoteWebDriver.execute(RemoteWebDriver.java:557)
	at org.openqa.selenium.remote.RemoteWebElement.execute(RemoteWebElement.java:223)
	at org.openqa.selenium.remote.RemoteWebElement.click(RemoteWebElement.java:76)
	at java.base/jdk.internal.reflect.DirectMethodHandleAccessor.invoke(DirectMethodHandleAccessor.java:104)
	at java.base/java.lang.reflect.Method.invoke(Method.java:578)
	at org.openqa.selenium.support.pagefactory.internal.LocatingElementHandler.invoke(LocatingElementHandler.java:51)
	at jdk.proxy2/jdk.proxy2.$Proxy22.click(Unknown Source)
	at io.loop.step_definitions.LoginStepDefs.user_clicks_login_button(LoginStepDefs.java:41)
	at ✽.user clicks login button(file:///Users/suidum/IdeaProjects/cucumber-project-b5/src/test/resources/features/LoginFeature.feature:35)
</textarea>
      
      </div>
              </div>
              <div class="step skip-bg" title="io.loop.step_definitions.LoginStepDefs.user_should_be_able_to_see_home_page_for_supervisor()">
                <span>Then user should be able to see home page for supervisor</span>
      <div>Step skipped
      </div>
              </div>
              <div class="step pass-bg" title="AFTER">
                <span>io.loop.step_definitions.Hook.tearDown(io.cucumber.java.Scenario)</span>
      <div>Login as a supervisor
          <div class="row mb-3"><div class="col-md-3">
<img data-featherlight='../Screenshots/embedded25.png' src="../Screenshots/embedded25.png">
    
    </div></div>
</div>
      <div>
      </div>
              </div>
          </div>
        </div>
  </div>
  <div class="card">
    <div class="card-header" role="tab">
      <div class="card-title">
        <div class="node" id="99"><span class="badge log pass-bg mr-2">Pass</span>Login as a client map practice</div>
          <div class="status-avatar float-right mr-4">
            <i class="fa fa-paperclip"></i>
          </div>
      </div>
    </div>
        <div class="collapse">
          <div class="card-body">
              <div class="step pass-bg" title="BEFORE">
                <span>io.loop.step_definitions.Hook.setUp(io.cucumber.java.Scenario)</span>
      <div>Current url is: data:,
      </div>
      <div>Login as a client map practice
          <div class="row mb-3"><div class="col-md-3">
<img data-featherlight='../Screenshots/embedded26.png' src="../Screenshots/embedded26.png">
    
    </div></div>
</div>
      <div>
      </div>
              </div>
              <div class="step pass-bg" title="io.loop.step_definitions.LoginStepDefs.user_is_on_docuport_login_page()">
                <span>Given user is on Docuport login page</span>
      <div>
      </div>
              </div>
              <div class="step pass-bg" title="io.loop.step_definitions.LoginStepDefs.user_enters_credentials(java.util.Map<java.lang.String, java.lang.String>)">
                <span>When user enters credentials</span>
      <div><table class='markup-table table '><tr><td>username</td><td>b1g1_client@gmail.com</td></tr><tr><td>password</td><td>Group1</td></tr></table>
      </div>
      <div>
      </div>
              </div>
              <div class="step pass-bg" title="io.loop.step_definitions.LoginStepDefs.user_should_be_able_to_see_home_page_for_client()">
                <span>Then user should be able to see home page for client</span>
      <div>
      </div>
              </div>
          </div>
        </div>
  </div>
</div>
          </div>
        </li>
        <li class="test-item"  status="fail" test-id="105"
          author=""
          tag=""
          device="">
          <div class="test-detail">
            <p class="name">product data table practice</p>
            <p class="text-sm">
              <span>9:55:00 PM</span> / <span>00:00:15:936</span>
              <span class="badge fail-bg log float-right">Fail</span>
            </p>
          </div>
          <div class="test-contents d-none">
<div class="detail-head">
<div class="p-v-10">
<div class="info">
<h5 class="test-status text-fail">product data table practice</h5>
<span class='badge badge-success'>09.25.2025 9:55:00 PM</span>
<span class='badge badge-danger'>09.25.2025 9:55:16 PM</span>
<span class='badge badge-default'>00:00:15:936</span>
&middot; <span class='uri-anchor badge badge-default'>#test-id=105</span>
<span title='Skip to the next failed step' class='badge badge-danger pointer float-right ne ml-1'><i class="fa fa-fast-forward"></i></span>
<span title='Collapse all nodes' class='badge badge-default pointer float-right ct ml-1'><i class="fa fa-compress"></i></span>
<span title='Expand all nodes' class='badge badge-default pointer float-right et'><i class="fa fa-expand"></i></span>
</div>
<div class="m-t-10 m-l-5"></div>
</div>
</div>
<div class="accordion mt-4">
  <div class="card">
    <div class="card-header" role="tab">
      <div class="card-title">
        <div class="node" id="106"><span class="badge log fail-bg mr-2">Fail</span>verify each product price</div>
          <div class="status-avatar float-right mr-4">
            <i class="fa fa-paperclip"></i>
          </div>
      </div>
    </div>
        <div class="">
          <div class="card-body">
              <div class="step pass-bg" title="BEFORE">
                <span>io.loop.step_definitions.Hook.setUp(io.cucumber.java.Scenario)</span>
      <div>Current url is: data:,
      </div>
      <div>verify each product price
          <div class="row mb-3"><div class="col-md-3">
<img data-featherlight='../Screenshots/embedded27.png' src="../Screenshots/embedded27.png">
    
    </div></div>
</div>
      <div>
      </div>
              </div>
              <div class="step pass-bg" title="io.loop.step_definitions.ProductDefs.user_is_on_the_home_page()">
                <span>Given User is on the HomePage</span>
      <div>
      </div>
              </div>
              <div class="step fail-bg" title="io.loop.step_definitions.ProductDefs.user_should_be_able_to_see_expected_prices_in_the_following_products(java.util.List<java.util.Map<java.lang.String, java.lang.String>>)">
                <span>Then User should be able to see expected prices in the following products</span>
      <div><table class='markup-table table '><tr><td>Category</td><td>Product</td><td>expectedPrice</td></tr><tr><td>Phones</td><td>Samsung galaxy s6</td><td>360</td></tr><tr><td>Phones</td><td>Nokia lumia 1520</td><td>820</td></tr><tr><td>Phones</td><td>Nexus 6</td><td>650</td></tr><tr><td>Laptops</td><td>Sony vaio i5</td><td>790</td></tr><tr><td>Laptops</td><td>Sony vaio i7</td><td>790</td></tr><tr><td>Laptops</td><td>MacBook air</td><td>700</td></tr><tr><td>Monitors</td><td>Apple monitor 24</td><td>400</td></tr><tr><td>Monitors</td><td>ASUS Full HD</td><td>230</td></tr></table>
      </div>
      <div>
        <textarea disabled class="code-block">org.openqa.selenium.NoSuchElementException: no such element: Unable to locate element: {"method":"xpath","selector":"//a[normalize-space(.)='Sony vaio i5']/../../h5"}
  (Session info: chrome=140.0.7339.210)
For documentation on this error, please visit: https://www.selenium.dev/documentation/webdriver/troubleshooting/errors#no-such-element-exception
Build info: version: '4.35.0', revision: '1c58e5028b'
System info: os.name: 'Mac OS X', os.arch: 'aarch64', os.version: '15.5', java.version: '19.0.2'
Driver info: org.openqa.selenium.chrome.ChromeDriver
Command: [9027ab7e5dee1db39c94db718d1a0252, findElement {using=xpath, value=//a[normalize-space(.)='Sony vaio i5']/../../h5}]
Capabilities {acceptInsecureCerts: false, browserName: chrome, browserVersion: 140.0.7339.210, chrome: {chromedriverVersion: 140.0.7339.207 (17230b545fd..., userDataDir: /var/folders/1w/hqvwywgn2rj...}, fedcm:accounts: true, goog:chromeOptions: {debuggerAddress: localhost:64861}, networkConnectionEnabled: false, pageLoadStrategy: normal, platformName: mac, proxy: Proxy(), se:cdp: ws://localhost:64861/devtoo..., se:cdpVersion: 140.0.7339.210, setWindowRect: true, strictFileInteractability: false, timeouts: {implicit: 0, pageLoad: 300000, script: 30000}, unhandledPromptBehavior: dismiss and notify, webauthn:extension:credBlob: true, webauthn:extension:largeBlob: true, webauthn:extension:minPinLength: true, webauthn:extension:prf: true, webauthn:virtualAuthenticators: true}
Session ID: 9027ab7e5dee1db39c94db718d1a0252
	at java.base/jdk.internal.reflect.DirectConstructorHandleAccessor.newInstance(DirectConstructorHandleAccessor.java:67)
	at java.base/java.lang.reflect.Constructor.newInstanceWithCaller(Constructor.java:500)
	at java.base/java.lang.reflect.Constructor.newInstance(Constructor.java:484)
	at org.openqa.selenium.remote.ErrorCodec.decode(ErrorCodec.java:167)
	at org.openqa.selenium.remote.codec.w3c.W3CHttpResponseCodec.decode(W3CHttpResponseCodec.java:138)
	at org.openqa.selenium.remote.codec.w3c.W3CHttpResponseCodec.decode(W3CHttpResponseCodec.java:50)
	at org.openqa.selenium.remote.HttpCommandExecutor.execute(HttpCommandExecutor.java:215)
	at org.openqa.selenium.remote.service.DriverCommandExecutor.invokeExecute(DriverCommandExecutor.java:216)
	at org.openqa.selenium.remote.service.DriverCommandExecutor.execute(DriverCommandExecutor.java:174)
	at org.openqa.selenium.remote.RemoteWebDriver.execute(RemoteWebDriver.java:557)
	at org.openqa.selenium.remote.ElementLocation$ElementFinder$2.findElement(ElementLocation.java:165)
	at org.openqa.selenium.remote.ElementLocation.findElement(ElementLocation.java:59)
	at org.openqa.selenium.remote.RemoteWebDriver.findElement(RemoteWebDriver.java:380)
	at org.openqa.selenium.remote.RemoteWebDriver.findElement(RemoteWebDriver.java:374)
	at io.loop.pages.ProductPage.getProductPrice(ProductPage.java:26)
	at io.loop.step_definitions.ProductDefs.user_should_be_able_to_see_expected_prices_in_the_following_products(ProductDefs.java:43)
	at ✽.User should be able to see expected prices in the following products(file:///Users/suidum/IdeaProjects/cucumber-project-b5/src/test/resources/features/Product.feature:7)
</textarea>
      
      </div>
              </div>
              <div class="step pass-bg" title="AFTER">
                <span>io.loop.step_definitions.Hook.tearDown(io.cucumber.java.Scenario)</span>
      <div>verify each product price
          <div class="row mb-3"><div class="col-md-3">
<img data-featherlight='../Screenshots/embedded28.png' src="../Screenshots/embedded28.png">
    
    </div></div>
</div>
      <div>
      </div>
              </div>
          </div>
        </div>
  </div>
  <div class="card">
    <div class="card-header" role="tab">
      <div class="card-title">
        <div class="node" id="111"><span class="badge log pass-bg mr-2">Pass</span>verify each product price ListofList</div>
          <div class="status-avatar float-right mr-4">
            <i class="fa fa-paperclip"></i>
          </div>
      </div>
    </div>
        <div class="collapse">
          <div class="card-body">
              <div class="step pass-bg" title="BEFORE">
                <span>io.loop.step_definitions.Hook.setUp(io.cucumber.java.Scenario)</span>
      <div>Current url is: data:,
      </div>
      <div>verify each product price ListofList
          <div class="row mb-3"><div class="col-md-3">
<img data-featherlight='../Screenshots/embedded29.png' src="../Screenshots/embedded29.png">
    
    </div></div>
</div>
      <div>
      </div>
              </div>
              <div class="step pass-bg" title="io.loop.step_definitions.ProductDefs.user_is_on_the_home_page()">
                <span>Given User is on the HomePage</span>
      <div>
      </div>
              </div>
              <div class="step pass-bg" title="io.loop.step_definitions.ProductDefs.user_should_be_able_to_see_expected_prices_in_the_following_products_with_list_of_lists(java.util.List<java.util.List<java.lang.String>>)">
                <span>Then User should be able to see expected prices in the following products with listOfLists</span>
      <div><table class='markup-table table '><tr><td>Phones</td><td>Samsung galaxy s6</td><td>360</td></tr><tr><td>Phones</td><td>Nokia lumia 1520</td><td>820</td></tr><tr><td>Phones</td><td>Nexus 6</td><td>650</td></tr><tr><td>Laptops</td><td>Sony vaio i5</td><td>790</td></tr><tr><td>Laptops</td><td>Sony vaio i7</td><td>790</td></tr><tr><td>Laptops</td><td>MacBook air</td><td>700</td></tr><tr><td>Monitors</td><td>Apple monitor 24</td><td>400</td></tr><tr><td>Monitors</td><td>ASUS Full HD</td><td>230</td></tr></table>
      </div>
      <div>
      </div>
              </div>
          </div>
        </div>
  </div>
  <div class="card">
    <div class="card-header" role="tab">
      <div class="card-title">
        <div class="node" id="116"><span class="badge log pass-bg mr-2">Pass</span>verify student name</div>
          <div class="status-avatar float-right mr-4">
            <i class="fa fa-paperclip"></i>
          </div>
      </div>
    </div>
        <div class="collapse">
          <div class="card-body">
              <div class="step pass-bg" title="BEFORE">
                <span>io.loop.step_definitions.Hook.setUp(io.cucumber.java.Scenario)</span>
      <div>Current url is: data:,
      </div>
      <div>verify student name
          <div class="row mb-3"><div class="col-md-3">
<img data-featherlight='../Screenshots/embedded30.png' src="../Screenshots/embedded30.png">
    
    </div></div>
</div>
      <div>
      </div>
              </div>
              <div class="step pass-bg" title="io.loop.step_definitions.ProductDefs.user_should_be_able_to_see_the_names(java.util.Map<java.lang.String, java.util.List<java.lang.String>>)">
                <span>Then user should be able to see the names</span>
      <div><table class='markup-table table '><tr><td>Group2</td><td>nadir</td><td>feyruz</td><td>jane</td></tr><tr><td>Group3</td><td>vika</td><td>suidum</td><td>savlat</td></tr></table>
      </div>
      <div>
      </div>
              </div>
          </div>
        </div>
  </div>
  <div class="card">
    <div class="card-header" role="tab">
      <div class="card-title">
        <div class="node" id="120"><span class="badge log pass-bg mr-2">Pass</span>verify each product price MapListProduct</div>
          <div class="status-avatar float-right mr-4">
            <i class="fa fa-paperclip"></i>
          </div>
      </div>
    </div>
        <div class="collapse">
          <div class="card-body">
              <div class="step pass-bg" title="BEFORE">
                <span>io.loop.step_definitions.Hook.setUp(io.cucumber.java.Scenario)</span>
      <div>Current url is: data:,
      </div>
      <div>verify each product price MapListProduct
          <div class="row mb-3"><div class="col-md-3">
<img data-featherlight='../Screenshots/embedded31.png' src="../Screenshots/embedded31.png">
    
    </div></div>
</div>
      <div>
      </div>
              </div>
              <div class="step pass-bg" title="io.loop.step_definitions.ProductDefs.user_is_on_the_home_page()">
                <span>Given User is on the HomePage</span>
      <div>
      </div>
              </div>
              <div class="step pass-bg" title="io.loop.step_definitions.ProductDefs.user_should_be_able_to_see_expected_prices_in_the_following_products_with_map_list_product(java.util.Map<java.lang.String, java.util.List<java.lang.String>>)">
                <span>Then User should be able to see expected prices in the following products with mapListProduct</span>
      <div><table class='markup-table table '><tr><td>Phones</td><td>Samsung galaxy s6-360</td><td>Nokia lumia 1520-820</td><td>Nexus 6-650</td></tr><tr><td>Laptops</td><td>Sony vaio i5-790</td><td>Sony vaio i7-790</td><td>MacBook air-700</td></tr><tr><td>Monitors</td><td>ASUS Full HD-230</td><td>Apple monitor 24-400</td><td></td></tr></table>
      </div>
      <div>
      </div>
              </div>
          </div>
        </div>
  </div>
</div>
          </div>
        </li>
        <li class="test-item"  status="fail" test-id="125"
          author=""
          tag=""
          device="">
          <div class="test-detail">
            <p class="name">Google Search Functionality Title Validation</p>
            <p class="text-sm">
              <span>9:55:16 PM</span> / <span>00:00:17:742</span>
              <span class="badge fail-bg log float-right">Fail</span>
            </p>
          </div>
          <div class="test-contents d-none">
<div class="detail-head">
<div class="p-v-10">
<div class="info">
<h5 class="test-status text-fail">Google Search Functionality Title Validation</h5>
<span class='badge badge-success'>09.25.2025 9:55:16 PM</span>
<span class='badge badge-danger'>09.25.2025 9:55:34 PM</span>
<span class='badge badge-default'>00:00:17:742</span>
&middot; <span class='uri-anchor badge badge-default'>#test-id=125</span>
<span title='Skip to the next failed step' class='badge badge-danger pointer float-right ne ml-1'><i class="fa fa-fast-forward"></i></span>
<span title='Collapse all nodes' class='badge badge-default pointer float-right ct ml-1'><i class="fa fa-compress"></i></span>
<span title='Expand all nodes' class='badge badge-default pointer float-right et'><i class="fa fa-expand"></i></span>
</div>
<div class="m-t-10 m-l-5"> User Story: As a user, when I am on the Google search page
I should be abe to search whatever I want and see the relevant result</div>
</div>
</div>
<div class="accordion mt-4">
  <div class="card">
    <div class="card-header" role="tab">
      <div class="card-title">
        <div class="node" id="126"><span class="badge log fail-bg mr-2">Fail</span>Search functionality result title validation</div>
          <div class="status-avatar float-right mr-4">
            <i class="fa fa-paperclip"></i>
          </div>
      </div>
    </div>
        <div class="">
          <div class="card-body">
              <div class="step pass-bg" title="BEFORE">
                <span>io.loop.step_definitions.Hook.setUp(io.cucumber.java.Scenario)</span>
      <div>Current url is: data:,
      </div>
      <div>Search functionality result title validation
          <div class="row mb-3"><div class="col-md-3">
<img data-featherlight='../Screenshots/embedded32.png' src="../Screenshots/embedded32.png">
    
    </div></div>
</div>
      <div>
      </div>
              </div>
              <div class="step pass-bg" title="io.loop.step_definitions.GoogleSearchStepDefs.user_is_on_google_search_page()">
                <span>Given user is on Google search page</span>
      <div>
      </div>
              </div>
              <div class="step pass-bg" title="io.loop.step_definitions.GoogleSearchStepDefs.user_types_loop_academy_in_the_google_search_box_and_clicks_enter()">
                <span>When user types Loop Academy in the google search box and clicks enter</span>
      <div>
      </div>
              </div>
              <div class="step fail-bg" title="io.loop.step_definitions.GoogleSearchStepDefs.user_should_be_able_to_see_loop_academy_google_search_in_the_google_title()">
                <span>Then user should be able to see Loop Academy - Google search in the google title</span>
      <div>
        <textarea disabled class="code-block">org.junit.ComparisonFailure: No Match expected:<[Loop Academy - Google Search]> but was:<[https://www.google.com/search?q=Loop+Academy&sca_esv=148cca40eee112c3&source=hp&ei=hfLVaPvmCYWj5NoPm_-P6QQ&iflsig=AOw8s4IAAAAAaNYAlVRwwWDOXnV5bsYNgwAs1u-9GQp4&ved=0ahUKEwi7vcGeqfWPAxWFEVkFHZv_I00Q4dUDCA8&uact=5&oq=Loop+Academy&gs_lp=Egdnd3Mtd2l6IgxMb29wIEFjYWRlbXlIBVAAWARwAHgAkAEAmAEAoAEAqgEAuAEDyAEA-AEBmAIAoAIAmAMAkgcAoAcAsgcAuAcAwgcAyAcA&sclient=gws-wiz&sei=hfLVaJD8Kembw8cP-tyLOQ]>
	at org.junit.Assert.assertEquals(Assert.java:117)
	at io.loop.step_definitions.GoogleSearchStepDefs.user_should_be_able_to_see_loop_academy_google_search_in_the_google_title(GoogleSearchStepDefs.java:38)
	at ✽.user should be able to see Loop Academy - Google search in the google title(file:///Users/suidum/IdeaProjects/cucumber-project-b5/src/test/resources/features/google_search.feature:9)
</textarea>
      
      </div>
              </div>
              <div class="step pass-bg" title="AFTER">
                <span>io.loop.step_definitions.Hook.tearDown(io.cucumber.java.Scenario)</span>
      <div>Search functionality result title validation
          <div class="row mb-3"><div class="col-md-3">
<img data-featherlight='../Screenshots/embedded33.png' src="../Screenshots/embedded33.png">
    
    </div></div>
</div>
      <div>
      </div>
              </div>
          </div>
        </div>
  </div>
  <div class="card">
    <div class="card-header" role="tab">
      <div class="card-title">
        <div class="node" id="132"><span class="badge log fail-bg mr-2">Fail</span>Search functionality result title validation</div>
          <div class="status-avatar float-right mr-4">
            <i class="fa fa-paperclip"></i>
          </div>
      </div>
    </div>
        <div class="">
          <div class="card-body">
              <div class="step pass-bg" title="BEFORE">
                <span>io.loop.step_definitions.Hook.setUp(io.cucumber.java.Scenario)</span>
      <div>Current url is: data:,
      </div>
      <div>Search functionality result title validation
          <div class="row mb-3"><div class="col-md-3">
<img data-featherlight='../Screenshots/embedded34.png' src="../Screenshots/embedded34.png">
    
    </div></div>
</div>
      <div>
      </div>
              </div>
              <div class="step pass-bg" title="io.loop.step_definitions.GoogleSearchStepDefs.user_is_on_google_search_page()">
                <span>Given user is on Google search page</span>
      <div>
      </div>
              </div>
              <div class="step pass-bg" title="io.loop.step_definitions.GoogleSearchStepDefs.user_types_in_the_google_search_box_and_clicks_enter(java.lang.String)">
                <span>When user types "Loop Academy" in the google search box and clicks enter</span>
      <div>
      </div>
              </div>
              <div class="step fail-bg" title="io.loop.step_definitions.GoogleSearchStepDefs.user_should_be_able_to_see_search_in_the_google_title(java.lang.String)">
                <span>Then user should be able to see "Loop Academy - Google Search" in the google title</span>
      <div>
        <textarea disabled class="code-block">org.openqa.selenium.TimeoutException: Expected condition failed: waiting for title to be "Loop Academy - Google Search". Current title: "https://www.google.com/search?q=Loop+Academy&sca_esv=148cca40eee112c3&source=hp&ei=ivLVaOr2H83viLMPw_m5oAU&iflsig=AOw8s4IAAAAAaNYAmiuTqm44Bte3vC5EfNW4QsQKwpT8&ved=0ahUKEwjq44ihqfWPAxXNN2IAHcN8DlQQ4dUDCA8&uact=5&oq=Loop+Academy&gs_lp=Egdnd3Mtd2l6IgxMb29wIEFjYWRlbXlIBFAAWARwAHgAkAEAmAEAoAEAqgEAuAEDyAEA-AEBmAIAoAIAmAMAkgcAoAcAsgcAuAcAwgcAyAcA&sclient=gws-wiz&sei=ivLVaODuOfrcptQPvdjusQo" (tried for 10 second(s) with 500 milliseconds interval)
Build info: version: '4.35.0', revision: '1c58e5028b'
System info: os.name: 'Mac OS X', os.arch: 'aarch64', os.version: '15.5', java.version: '19.0.2'
Driver info: org.openqa.selenium.chrome.ChromeDriver
Capabilities {acceptInsecureCerts: false, browserName: chrome, browserVersion: 140.0.7339.210, chrome: {chromedriverVersion: 140.0.7339.207 (17230b545fd..., userDataDir: /var/folders/1w/hqvwywgn2rj...}, fedcm:accounts: true, goog:chromeOptions: {debuggerAddress: localhost:64966}, networkConnectionEnabled: false, pageLoadStrategy: normal, platformName: mac, proxy: Proxy(), se:cdp: ws://localhost:64966/devtoo..., se:cdpVersion: 140.0.7339.210, setWindowRect: true, strictFileInteractability: false, timeouts: {implicit: 0, pageLoad: 300000, script: 30000}, unhandledPromptBehavior: dismiss and notify, webauthn:extension:credBlob: true, webauthn:extension:largeBlob: true, webauthn:extension:minPinLength: true, webauthn:extension:prf: true, webauthn:virtualAuthenticators: true}
Session ID: a9386557cbb0d0796ecd268532d5f91a
	at org.openqa.selenium.support.ui.WebDriverWait.timeoutException(WebDriverWait.java:84)
	at org.openqa.selenium.support.ui.FluentWait.until(FluentWait.java:228)
	at io.loop.step_definitions.GoogleSearchStepDefs.user_should_be_able_to_see_search_in_the_google_title(GoogleSearchStepDefs.java:50)
	at ✽.user should be able to see "Loop Academy - Google Search" in the google title(file:///Users/suidum/IdeaProjects/cucumber-project-b5/src/test/resources/features/google_search.feature:15)
</textarea>
      
      </div>
              </div>
              <div class="step pass-bg" title="AFTER">
                <span>io.loop.step_definitions.Hook.tearDown(io.cucumber.java.Scenario)</span>
      <div>Search functionality result title validation
          <div class="row mb-3"><div class="col-md-3">
<img data-featherlight='../Screenshots/embedded35.png' src="../Screenshots/embedded35.png">
    
    </div></div>
</div>
      <div>
      </div>
              </div>
          </div>
        </div>
  </div>
</div>
          </div>
        </li>
      </ul>
    </div>
  </div>
<div class="test-content scrollable">
<div class="test-content-tools">
<ul><li><a class="back-to-test" href="#"><i class="fa fa-arrow-left"></i></a></li></ul>
</div>
<div class="test-content-detail"><div class="detail-body"></div></div>
</div></div>
<div class="test-wrapper row view exception-view attributes-view">
<div class="test-list">
<div class="test-list-tools">
<ul class="tools pull-left"><li><a href=""><span class="font-size-14">Exception</span></a></li></ul>
<ul class="tools text-right"><li><a href="#"><span class="badge badge-primary">4</span></a></li></ul>
</div>
<div class="test-list-wrapper scrollable">
<ul class="test-list-item">
<li class="test-item">
<div class="test-detail">
<span class="meta">
<span class='badge log badge-danger'>3</span>
</span>
<p class="name">org.openqa.selenium.StaleElementReferenceException</p>
<p class="duration text-sm">3 tests</p>
</div>
<div class="test-contents d-none">
<div class="info">
<h4>org.openqa.selenium.StaleElementReferenceException</h4>
<span status="fail" class='badge log badge-danger'>3 failed</span>
</div>
<table class='table table-sm mt-4'>
<thead>
<tr>
<th class="status-col">Status</th>
<th class="timestamp-col">Timestamp</th>
<th>TestName</th>
</tr>
</thead>
<tbody>
<tr class="tag-test-status" status="fail">
<td><span class="badge log fail-bg">Fail</span></td>
<td>21:54:45 PM</td>
<td>
<a href="#" class="linked" test-id='66' id='80'>And user clicks login button</a>
<div class="">
<span class="badge badge-default">Docuport Login Logout Feature.Login as a employee.And user clicks login button</span>
</div>
</td>
</tr>
<tr class="tag-test-status" status="fail">
<td><span class="badge log fail-bg">Fail</span></td>
<td>21:54:47 PM</td>
<td>
<a href="#" class="linked" test-id='66' id='88'>And user clicks login button</a>
<div class="">
<span class="badge badge-default">Docuport Login Logout Feature.Login as a advisor.And user clicks login button</span>
</div>
</td>
</tr>
<tr class="tag-test-status" status="fail">
<td><span class="badge log fail-bg">Fail</span></td>
<td>21:54:49 PM</td>
<td>
<a href="#" class="linked" test-id='66' id='96'>And user clicks login button</a>
<div class="">
<span class="badge badge-default">Docuport Login Logout Feature.Login as a supervisor.And user clicks login button</span>
</div>
</td>
</tr>
</tbody>
</table>
</div>
</li>
<li class="test-item">
<div class="test-detail">
<span class="meta">
<span class='badge log badge-danger'>2</span>
</span>
<p class="name">org.openqa.selenium.TimeoutException</p>
<p class="duration text-sm">2 tests</p>
</div>
<div class="test-contents d-none">
<div class="info">
<h4>org.openqa.selenium.TimeoutException</h4>
<span status="fail" class='badge log badge-danger'>2 failed</span>
</div>
<table class='table table-sm mt-4'>
<thead>
<tr>
<th class="status-col">Status</th>
<th class="timestamp-col">Timestamp</th>
<th>TestName</th>
</tr>
</thead>
<tbody>
<tr class="tag-test-status" status="fail">
<td><span class="badge log fail-bg">Fail</span></td>
<td>21:52:48 PM</td>
<td>
<a href="#" class="linked" test-id='1' id='5'>Then user searches the following items</a>
<div class="">
<span class="badge badge-default">passing multiple parameters to the same step.Searching multiple items||.Then user searches the following items</span>
</div>
</td>
</tr>
<tr class="tag-test-status" status="fail">
<td><span class="badge log fail-bg">Fail</span></td>
<td>21:55:23 PM</td>
<td>
<a href="#" class="linked" test-id='125' id='136'>Then user should be able to see "Loop Academy - Google Search" in the google title</a>
<div class="">
<span class="badge badge-default">Google Search Functionality Title Validation.Search functionality result title validation.Then user should be able to see "Loop Academy - Google Search" in the google title</span>
</div>
</td>
</tr>
</tbody>
</table>
</div>
</li>
<li class="test-item">
<div class="test-detail">
<span class="meta">
<span class='badge log badge-danger'>9</span>
</span>
<p class="name">org.openqa.selenium.NoSuchElementException</p>
<p class="duration text-sm">9 tests</p>
</div>
<div class="test-contents d-none">
<div class="info">
<h4>org.openqa.selenium.NoSuchElementException</h4>
<span status="fail" class='badge log badge-danger'>9 failed</span>
</div>
<table class='table table-sm mt-4'>
<thead>
<tr>
<th class="status-col">Status</th>
<th class="timestamp-col">Timestamp</th>
<th>TestName</th>
</tr>
</thead>
<tbody>
<tr class="tag-test-status" status="fail">
<td><span class="badge log fail-bg">Fail</span></td>
<td>21:53:01 PM</td>
<td>
<a href="#" class="linked" test-id='8' id='14'>Then user should be able to see "Bishkek" in the results as capital</a>
<div class="">
<span class="badge badge-default">Scenario Outline Practice.scenario outline.Then user should be able to see "Bishkek" in the results as capital</span>
</div>
</td>
</tr>
<tr class="tag-test-status" status="fail">
<td><span class="badge log fail-bg">Fail</span></td>
<td>21:53:12 PM</td>
<td>
<a href="#" class="linked" test-id='8' id='21'>Then user should be able to see "Washington, D.C." in the results as capital</a>
<div class="">
<span class="badge badge-default">Scenario Outline Practice.scenario outline.Then user should be able to see "Washington, D.C." in the results as capital</span>
</div>
</td>
</tr>
<tr class="tag-test-status" status="fail">
<td><span class="badge log fail-bg">Fail</span></td>
<td>21:53:24 PM</td>
<td>
<a href="#" class="linked" test-id='8' id='28'>Then user should be able to see "Baku" in the results as capital</a>
<div class="">
<span class="badge badge-default">Scenario Outline Practice.scenario outline.Then user should be able to see "Baku" in the results as capital</span>
</div>
</td>
</tr>
<tr class="tag-test-status" status="fail">
<td><span class="badge log fail-bg">Fail</span></td>
<td>21:53:36 PM</td>
<td>
<a href="#" class="linked" test-id='8' id='35'>Then user should be able to see "Kyiv" in the results as capital</a>
<div class="">
<span class="badge badge-default">Scenario Outline Practice.scenario outline.Then user should be able to see "Kyiv" in the results as capital</span>
</div>
</td>
</tr>
<tr class="tag-test-status" status="fail">
<td><span class="badge log fail-bg">Fail</span></td>
<td>21:53:48 PM</td>
<td>
<a href="#" class="linked" test-id='8' id='42'>Then user should be able to see "Kabul" in the results as capital</a>
<div class="">
<span class="badge badge-default">Scenario Outline Practice.scenario outline.Then user should be able to see "Kabul" in the results as capital</span>
</div>
</td>
</tr>
<tr class="tag-test-status" status="fail">
<td><span class="badge log fail-bg">Fail</span></td>
<td>21:53:59 PM</td>
<td>
<a href="#" class="linked" test-id='8' id='49'>Then user should be able to see "Ankara" in the results as capital</a>
<div class="">
<span class="badge badge-default">Scenario Outline Practice.scenario outline.Then user should be able to see "Ankara" in the results as capital</span>
</div>
</td>
</tr>
<tr class="tag-test-status" status="fail">
<td><span class="badge log fail-bg">Fail</span></td>
<td>21:54:13 PM</td>
<td>
<a href="#" class="linked" test-id='8' id='56'>Then user should be able to see "Tashkent" in the results as capital</a>
<div class="">
<span class="badge badge-default">Scenario Outline Practice.scenario outline.Then user should be able to see "Tashkent" in the results as capital</span>
</div>
</td>
</tr>
<tr class="tag-test-status" status="fail">
<td><span class="badge log fail-bg">Fail</span></td>
<td>21:54:25 PM</td>
<td>
<a href="#" class="linked" test-id='8' id='63'>Then user should be able to see "Tbilisi" in the results as capital</a>
<div class="">
<span class="badge badge-default">Scenario Outline Practice.scenario outline.Then user should be able to see "Tbilisi" in the results as capital</span>
</div>
</td>
</tr>
<tr class="tag-test-status" status="fail">
<td><span class="badge log fail-bg">Fail</span></td>
<td>21:55:01 PM</td>
<td>
<a href="#" class="linked" test-id='105' id='109'>Then User should be able to see expected prices in the following products</a>
<div class="">
<span class="badge badge-default">product data table practice.verify each product price.Then User should be able to see expected prices in the following products</span>
</div>
</td>
</tr>
</tbody>
</table>
</div>
</li>
<li class="test-item">
<div class="test-detail">
<span class="meta">
<span class='badge log badge-danger'>1</span>
</span>
<p class="name">org.junit.ComparisonFailure</p>
<p class="duration text-sm">1 tests</p>
</div>
<div class="test-contents d-none">
<div class="info">
<h4>org.junit.ComparisonFailure</h4>
<span status="fail" class='badge log badge-danger'>1 failed</span>
</div>
<table class='table table-sm mt-4'>
<thead>
<tr>
<th class="status-col">Status</th>
<th class="timestamp-col">Timestamp</th>
<th>TestName</th>
</tr>
</thead>
<tbody>
<tr class="tag-test-status" status="fail">
<td><span class="badge log fail-bg">Fail</span></td>
<td>21:55:18 PM</td>
<td>
<a href="#" class="linked" test-id='125' id='130'>Then user should be able to see Loop Academy - Google search in the google title</a>
<div class="">
<span class="badge badge-default">Google Search Functionality Title Validation.Search functionality result title validation.Then user should be able to see Loop Academy - Google search in the google title</span>
</div>
</td>
</tr>
</tbody>
</table>
</div>
</li>
</ul>
</div>
</div>
<div class="test-content scrollable">
<div class="test-content-detail">
<div class="detail-body"></div>
</div>
</div>
</div><div class="test-wrapper row view category-view attributes-view">
<div class="test-list">
<div class="test-list-tools">
<ul class="tools pull-left"><li><a href=""><span class="font-size-14">Category</span></a></li></ul>
<ul class="tools text-right"><li><a href="#"><span class="badge badge-primary">8</span></a></li></ul>
</div>
<div class="test-list-wrapper scrollable">
<ul class="test-list-item">
<li class="test-item">
<div class="test-detail">
<span class="meta">
<span class='badge log pass-bg'>1</span>
</span>
<p class="name">@dataTableLogin</p>
<p class="duration text-sm">1 tests</p>
</div>
<div class="test-contents d-none">
<div class="info">
<h4>@dataTableLogin</h4>
<span status="pass" class='badge log pass-bg'>1 passed</span>
</div>
<table class='table table-sm mt-4'>
<thead>
<tr>
<th class="status-col">Status</th>
<th class="timestamp-col">Timestamp</th>
<th>TestName</th>
</tr>
</thead>
<tbody>
<tr class="tag-test-status" status="pass">
<td><span class="badge log pass-bg">Pass</span></td>
<td>21:54:49 PM</td>
<td>
<a href="#" class="linked" test-id='66' id='99'>Login as a client map practice</a>
<div class="">
<span class="badge badge-default">Docuport Login Logout Feature.Login as a client map practice</span>
</div>
</td>
</tr>
</tbody>
</table>
</div>
</li>
<li class="test-item">
<div class="test-detail">
<span class="meta">
<span class='badge log pass-bg'>1</span>
</span>
<p class="name">@mapList</p>
<p class="duration text-sm">1 tests</p>
</div>
<div class="test-contents d-none">
<div class="info">
<h4>@mapList</h4>
<span status="pass" class='badge log pass-bg'>1 passed</span>
</div>
<table class='table table-sm mt-4'>
<thead>
<tr>
<th class="status-col">Status</th>
<th class="timestamp-col">Timestamp</th>
<th>TestName</th>
</tr>
</thead>
<tbody>
<tr class="tag-test-status" status="pass">
<td><span class="badge log pass-bg">Pass</span></td>
<td>21:55:14 PM</td>
<td>
<a href="#" class="linked" test-id='105' id='116'>verify student name</a>
<div class="">
<span class="badge badge-default">product data table practice.verify student name</span>
</div>
</td>
</tr>
</tbody>
</table>
</div>
</li>
<li class="test-item">
<div class="test-detail">
<span class="meta">
<span class='badge log badge-danger'>1</span>
</span>
<p class="name">@listOfMap</p>
<p class="duration text-sm">1 tests</p>
</div>
<div class="test-contents d-none">
<div class="info">
<h4>@listOfMap</h4>
<span status="fail" class='badge log badge-danger'>1 failed</span>
</div>
<table class='table table-sm mt-4'>
<thead>
<tr>
<th class="status-col">Status</th>
<th class="timestamp-col">Timestamp</th>
<th>TestName</th>
</tr>
</thead>
<tbody>
<tr class="tag-test-status" status="fail">
<td><span class="badge log fail-bg">Fail</span></td>
<td>21:55:00 PM</td>
<td>
<a href="#" class="linked" test-id='105' id='106'>verify each product price</a>
<div class="">
<span class="badge badge-default">product data table practice.verify each product price</span>
</div>
</td>
</tr>
</tbody>
</table>
</div>
</li>
<li class="test-item">
<div class="test-detail">
<span class="meta">
<span class='badge log pass-bg'>1</span>
</span>
<p class="name">@listOfLists</p>
<p class="duration text-sm">1 tests</p>
</div>
<div class="test-contents d-none">
<div class="info">
<h4>@listOfLists</h4>
<span status="pass" class='badge log pass-bg'>1 passed</span>
</div>
<table class='table table-sm mt-4'>
<thead>
<tr>
<th class="status-col">Status</th>
<th class="timestamp-col">Timestamp</th>
<th>TestName</th>
</tr>
</thead>
<tbody>
<tr class="tag-test-status" status="pass">
<td><span class="badge log pass-bg">Pass</span></td>
<td>21:55:12 PM</td>
<td>
<a href="#" class="linked" test-id='105' id='111'>verify each product price ListofList</a>
<div class="">
<span class="badge badge-default">product data table practice.verify each product price ListofList</span>
</div>
</td>
</tr>
</tbody>
</table>
</div>
</li>
<li class="test-item">
<div class="test-detail">
<span class="meta">
<span class='badge log pass-bg'>1</span>
</span>
<p class="name">@mapListProduct</p>
<p class="duration text-sm">1 tests</p>
</div>
<div class="test-contents d-none">
<div class="info">
<h4>@mapListProduct</h4>
<span status="pass" class='badge log pass-bg'>1 passed</span>
</div>
<table class='table table-sm mt-4'>
<thead>
<tr>
<th class="status-col">Status</th>
<th class="timestamp-col">Timestamp</th>
<th>TestName</th>
</tr>
</thead>
<tbody>
<tr class="tag-test-status" status="pass">
<td><span class="badge log pass-bg">Pass</span></td>
<td>21:55:14 PM</td>
<td>
<a href="#" class="linked" test-id='105' id='120'>verify each product price MapListProduct</a>
<div class="">
<span class="badge badge-default">product data table practice.verify each product price MapListProduct</span>
</div>
</td>
</tr>
</tbody>
</table>
</div>
</li>
<li class="test-item">
<div class="test-detail">
<span class="meta">
<span class='badge log pass-bg'>5</span>
<span class='badge log badge-danger'>15</span>
</span>
<p class="name">@smoke</p>
<p class="duration text-sm">20 tests</p>
</div>
<div class="test-contents d-none">
<div class="info">
<h4>@smoke</h4>
<span status="pass" class='badge log pass-bg'>5 passed</span>
<span status="fail" class='badge log badge-danger'>15 failed</span>
</div>
<table class='table table-sm mt-4'>
<thead>
<tr>
<th class="status-col">Status</th>
<th class="timestamp-col">Timestamp</th>
<th>TestName</th>
</tr>
</thead>
<tbody>
<tr class="tag-test-status" status="fail">
<td><span class="badge log fail-bg">Fail</span></td>
<td>21:52:42 PM</td>
<td>
<a href="#" class="linked" test-id='1' id='2'>Searching multiple items||</a>
<div class="">
<span class="badge badge-default">passing multiple parameters to the same step.Searching multiple items||</span>
</div>
</td>
</tr>
<tr class="tag-test-status" status="fail">
<td><span class="badge log fail-bg">Fail</span></td>
<td>21:52:59 PM</td>
<td>
<a href="#" class="linked" test-id='8' id='10'>scenario outline</a>
<div class="">
<span class="badge badge-default">Scenario Outline Practice.scenario outline</span>
</div>
</td>
</tr>
<tr class="tag-test-status" status="fail">
<td><span class="badge log fail-bg">Fail</span></td>
<td>21:53:11 PM</td>
<td>
<a href="#" class="linked" test-id='8' id='17'>scenario outline</a>
<div class="">
<span class="badge badge-default">Scenario Outline Practice.scenario outline</span>
</div>
</td>
</tr>
<tr class="tag-test-status" status="fail">
<td><span class="badge log fail-bg">Fail</span></td>
<td>21:53:22 PM</td>
<td>
<a href="#" class="linked" test-id='8' id='24'>scenario outline</a>
<div class="">
<span class="badge badge-default">Scenario Outline Practice.scenario outline</span>
</div>
</td>
</tr>
<tr class="tag-test-status" status="fail">
<td><span class="badge log fail-bg">Fail</span></td>
<td>21:53:35 PM</td>
<td>
<a href="#" class="linked" test-id='8' id='31'>scenario outline</a>
<div class="">
<span class="badge badge-default">Scenario Outline Practice.scenario outline</span>
</div>
</td>
</tr>
<tr class="tag-test-status" status="fail">
<td><span class="badge log fail-bg">Fail</span></td>
<td>21:53:46 PM</td>
<td>
<a href="#" class="linked" test-id='8' id='38'>scenario outline</a>
<div class="">
<span class="badge badge-default">Scenario Outline Practice.scenario outline</span>
</div>
</td>
</tr>
<tr class="tag-test-status" status="fail">
<td><span class="badge log fail-bg">Fail</span></td>
<td>21:53:58 PM</td>
<td>
<a href="#" class="linked" test-id='8' id='45'>scenario outline</a>
<div class="">
<span class="badge badge-default">Scenario Outline Practice.scenario outline</span>
</div>
</td>
</tr>
<tr class="tag-test-status" status="fail">
<td><span class="badge log fail-bg">Fail</span></td>
<td>21:54:11 PM</td>
<td>
<a href="#" class="linked" test-id='8' id='52'>scenario outline</a>
<div class="">
<span class="badge badge-default">Scenario Outline Practice.scenario outline</span>
</div>
</td>
</tr>
<tr class="tag-test-status" status="fail">
<td><span class="badge log fail-bg">Fail</span></td>
<td>21:54:23 PM</td>
<td>
<a href="#" class="linked" test-id='8' id='59'>scenario outline</a>
<div class="">
<span class="badge badge-default">Scenario Outline Practice.scenario outline</span>
</div>
</td>
</tr>
<tr class="tag-test-status" status="pass">
<td><span class="badge log pass-bg">Pass</span></td>
<td>21:54:36 PM</td>
<td>
<a href="#" class="linked" test-id='66' id='67'>Login as a client</a>
<div class="">
<span class="badge badge-default">Docuport Login Logout Feature.Login as a client</span>
</div>
</td>
</tr>
<tr class="tag-test-status" status="fail">
<td><span class="badge log fail-bg">Fail</span></td>
<td>21:54:43 PM</td>
<td>
<a href="#" class="linked" test-id='66' id='75'>Login as a employee</a>
<div class="">
<span class="badge badge-default">Docuport Login Logout Feature.Login as a employee</span>
</div>
</td>
</tr>
<tr class="tag-test-status" status="fail">
<td><span class="badge log fail-bg">Fail</span></td>
<td>21:54:45 PM</td>
<td>
<a href="#" class="linked" test-id='66' id='83'>Login as a advisor</a>
<div class="">
<span class="badge badge-default">Docuport Login Logout Feature.Login as a advisor</span>
</div>
</td>
</tr>
<tr class="tag-test-status" status="fail">
<td><span class="badge log fail-bg">Fail</span></td>
<td>21:54:47 PM</td>
<td>
<a href="#" class="linked" test-id='66' id='91'>Login as a supervisor</a>
<div class="">
<span class="badge badge-default">Docuport Login Logout Feature.Login as a supervisor</span>
</div>
</td>
</tr>
<tr class="tag-test-status" status="pass">
<td><span class="badge log pass-bg">Pass</span></td>
<td>21:54:49 PM</td>
<td>
<a href="#" class="linked" test-id='66' id='99'>Login as a client map practice</a>
<div class="">
<span class="badge badge-default">Docuport Login Logout Feature.Login as a client map practice</span>
</div>
</td>
</tr>
<tr class="tag-test-status" status="fail">
<td><span class="badge log fail-bg">Fail</span></td>
<td>21:55:00 PM</td>
<td>
<a href="#" class="linked" test-id='105' id='106'>verify each product price</a>
<div class="">
<span class="badge badge-default">product data table practice.verify each product price</span>
</div>
</td>
</tr>
<tr class="tag-test-status" status="pass">
<td><span class="badge log pass-bg">Pass</span></td>
<td>21:55:12 PM</td>
<td>
<a href="#" class="linked" test-id='105' id='111'>verify each product price ListofList</a>
<div class="">
<span class="badge badge-default">product data table practice.verify each product price ListofList</span>
</div>
</td>
</tr>
<tr class="tag-test-status" status="pass">
<td><span class="badge log pass-bg">Pass</span></td>
<td>21:55:14 PM</td>
<td>
<a href="#" class="linked" test-id='105' id='116'>verify student name</a>
<div class="">
<span class="badge badge-default">product data table practice.verify student name</span>
</div>
</td>
</tr>
<tr class="tag-test-status" status="pass">
<td><span class="badge log pass-bg">Pass</span></td>
<td>21:55:14 PM</td>
<td>
<a href="#" class="linked" test-id='105' id='120'>verify each product price MapListProduct</a>
<div class="">
<span class="badge badge-default">product data table practice.verify each product price MapListProduct</span>
</div>
</td>
</tr>
<tr class="tag-test-status" status="fail">
<td><span class="badge log fail-bg">Fail</span></td>
<td>21:55:16 PM</td>
<td>
<a href="#" class="linked" test-id='125' id='126'>Search functionality result title validation</a>
<div class="">
<span class="badge badge-default">Google Search Functionality Title Validation.Search functionality result title validation</span>
</div>
</td>
</tr>
<tr class="tag-test-status" status="fail">
<td><span class="badge log fail-bg">Fail</span></td>
<td>21:55:21 PM</td>
<td>
<a href="#" class="linked" test-id='125' id='132'>Search functionality result title validation</a>
<div class="">
<span class="badge badge-default">Google Search Functionality Title Validation.Search functionality result title validation</span>
</div>
</td>
</tr>
</tbody>
</table>
</div>
</li>
<li class="test-item">
<div class="test-detail">
<span class="meta">
<span class='badge log badge-danger'>8</span>
</span>
<p class="name">@google_search_outline</p>
<p class="duration text-sm">8 tests</p>
</div>
<div class="test-contents d-none">
<div class="info">
<h4>@google_search_outline</h4>
<span status="fail" class='badge log badge-danger'>8 failed</span>
</div>
<table class='table table-sm mt-4'>
<thead>
<tr>
<th class="status-col">Status</th>
<th class="timestamp-col">Timestamp</th>
<th>TestName</th>
</tr>
</thead>
<tbody>
<tr class="tag-test-status" status="fail">
<td><span class="badge log fail-bg">Fail</span></td>
<td>21:52:59 PM</td>
<td>
<a href="#" class="linked" test-id='8' id='10'>scenario outline</a>
<div class="">
<span class="badge badge-default">Scenario Outline Practice.scenario outline</span>
</div>
</td>
</tr>
<tr class="tag-test-status" status="fail">
<td><span class="badge log fail-bg">Fail</span></td>
<td>21:53:11 PM</td>
<td>
<a href="#" class="linked" test-id='8' id='17'>scenario outline</a>
<div class="">
<span class="badge badge-default">Scenario Outline Practice.scenario outline</span>
</div>
</td>
</tr>
<tr class="tag-test-status" status="fail">
<td><span class="badge log fail-bg">Fail</span></td>
<td>21:53:22 PM</td>
<td>
<a href="#" class="linked" test-id='8' id='24'>scenario outline</a>
<div class="">
<span class="badge badge-default">Scenario Outline Practice.scenario outline</span>
</div>
</td>
</tr>
<tr class="tag-test-status" status="fail">
<td><span class="badge log fail-bg">Fail</span></td>
<td>21:53:35 PM</td>
<td>
<a href="#" class="linked" test-id='8' id='31'>scenario outline</a>
<div class="">
<span class="badge badge-default">Scenario Outline Practice.scenario outline</span>
</div>
</td>
</tr>
<tr class="tag-test-status" status="fail">
<td><span class="badge log fail-bg">Fail</span></td>
<td>21:53:46 PM</td>
<td>
<a href="#" class="linked" test-id='8' id='38'>scenario outline</a>
<div class="">
<span class="badge badge-default">Scenario Outline Practice.scenario outline</span>
</div>
</td>
</tr>
<tr class="tag-test-status" status="fail">
<td><span class="badge log fail-bg">Fail</span></td>
<td>21:53:58 PM</td>
<td>
<a href="#" class="linked" test-id='8' id='45'>scenario outline</a>
<div class="">
<span class="badge badge-default">Scenario Outline Practice.scenario outline</span>
</div>
</td>
</tr>
<tr class="tag-test-status" status="fail">
<td><span class="badge log fail-bg">Fail</span></td>
<td>21:54:11 PM</td>
<td>
<a href="#" class="linked" test-id='8' id='52'>scenario outline</a>
<div class="">
<span class="badge badge-default">Scenario Outline Practice.scenario outline</span>
</div>
</td>
</tr>
<tr class="tag-test-status" status="fail">
<td><span class="badge log fail-bg">Fail</span></td>
<td>21:54:23 PM</td>
<td>
<a href="#" class="linked" test-id='8' id='59'>scenario outline</a>
<div class="">
<span class="badge badge-default">Scenario Outline Practice.scenario outline</span>
</div>
</td>
</tr>
</tbody>
</table>
</div>
</li>
<li class="test-item">
<div class="test-detail">
<span class="meta">
<span class='badge log badge-danger'>1</span>
</span>
<p class="name">@google_search_data_table</p>
<p class="duration text-sm">1 tests</p>
</div>
<div class="test-contents d-none">
<div class="info">
<h4>@google_search_data_table</h4>
<span status="fail" class='badge log badge-danger'>1 failed</span>
</div>
<table class='table table-sm mt-4'>
<thead>
<tr>
<th class="status-col">Status</th>
<th class="timestamp-col">Timestamp</th>
<th>TestName</th>
</tr>
</thead>
<tbody>
<tr class="tag-test-status" status="fail">
<td><span class="badge log fail-bg">Fail</span></td>
<td>21:52:42 PM</td>
<td>
<a href="#" class="linked" test-id='1' id='2'>Searching multiple items||</a>
<div class="">
<span class="badge badge-default">passing multiple parameters to the same step.Searching multiple items||</span>
</div>
</td>
</tr>
</tbody>
</table>
</div>
</li>
</ul>
</div>
</div>
<div class="test-content scrollable">
<div class="test-content-detail">
<div class="detail-body"></div>
</div>
</div>
</div><div class="container-fluid p-4 view dashboard-view">
<div class="row">
<div class="col-md-3">
<div class="card"><div class="card-body">
<p class="m-b-0">Started</p>
<h3>Sep 25, 2025 09:52:41 PM</h3>
</div></div>
</div>
<div class="col-md-3">
<div class="card"><div class="card-body">
<p class="m-b-0">Ended</p>
<h3>Sep 25, 2025 09:55:34 PM</h3>
</div></div>
</div>
<div class="col-md-3">
<div class="card"><div class="card-body">
<p class="m-b-0 text-pass">Features Passed</p>
<h3>0</h3>
</div></div>
</div>
<div class="col-md-3">
<div class="card"><div class="card-body">
<p class="m-b-0 text-fail">Features Failed</p>
<h3>5</h3>
</div></div>
</div>
</div>
<div class="row">
<div class="col-md-4">
<div class="card">
<div class="card-header">
<h6 class="card-title">Features</h6>
</div>
<div class="card-body">
<div class="">
<canvas id='parent-analysis' width='115' height='90'></canvas>
</div>
</div>
<div class="card-footer">
<div><small data-tooltip='0%'>
<b>0</b> features passed
</small>
</div>
<div>
<small data-tooltip='100%'><b>5</b> features failed,
<b>0</b> skipped, <b data-tooltip='0%'>0</b> others
</small>
</div>
</div>
</div>
</div>
<div class="col-md-4">
<div class="card">
<div class="card-header">
<h6 class="card-title">Scenarios</h6>
</div>
<div class="card-body">
<div class="">
<canvas id='child-analysis' width='115' height='90'></canvas>
</div>
</div>
<div class="card-footer">
<div><small data-tooltip='25%'><b>5</b> scenarios passed</small></div>
<div>
<small data-tooltip='75%'><b>15</b> scenarios failed,
<b>0</b> skipped, <b data-tooltip='%'>0</b> others
</small>
</div>
</div>
</div>
</div>
<div class="col-md-4">
<div class="card">
<div class="card-header">
<h6 class="card-title">Steps</h6>
</div>
<div class="card-body">
<div class="">
<canvas id='grandchild-analysis' width='115' height='90'></canvas>
</div>
</div>
<div class="card-footer">
<div><small data-tooltip='74%'><b>79</b> steps passed</small></div>
<div>
<small data-tooltip='14%'><b>15</b> steps failed,
<b>12</b> skipped, <b data-tooltip='%'>0</b> others
</small>
</div>
</div>
</div>
</div>
</div>
<div class="row"><div class="col-md-12">
<div class="card"><div class="card-header"><p>Timeline</p></div>
<div class="card-body pt-0"><div>
<canvas id="timeline" height="120"></canvas>
</div></div>
</div>
</div></div>
<script>
var timeline = {
"passing multiple parameters to the same step":16.349,"Scenario Outline Practice":96.897,"Docuport Login Logout Feature":24.525,"product data table practice":15.936,"Google Search Functionality Title Validation":17.742
};
</script>
<div class="row">
<div class="col-lg-6 col-md-12 category-container">
<div class="card">
<div class="card-header"><p>Tags</p></div>
<div class="card-body pb-0 pt-0"><table class="table table-sm table-bordered">
<thead><tr class="bg-gray"><th>Name</th><th>Passed</th><th>Failed</th><th>Skipped</th><th>Others</th><th>Passed %</th></tr></thead><tbody>
<tr>
<td>@dataTableLogin</td>
<td>1</td>
<td>0</td>
<td>0</td>
<td>0</td>
<td>100%</td>
</tr>
<tr>
<td>@mapList</td>
<td>1</td>
<td>0</td>
<td>0</td>
<td>0</td>
<td>100%</td>
</tr>
<tr>
<td>@listOfMap</td>
<td>0</td>
<td>1</td>
<td>0</td>
<td>0</td>
<td>0%</td>
</tr>
<tr>
<td>@listOfLists</td>
<td>1</td>
<td>0</td>
<td>0</td>
<td>0</td>
<td>100%</td>
</tr>
<tr>
<td>@mapListProduct</td>
<td>1</td>
<td>0</td>
<td>0</td>
<td>0</td>
<td>100%</td>
</tr>
<tr>
<td>@smoke</td>
<td>5</td>
<td>15</td>
<td>0</td>
<td>0</td>
<td>25%</td>
</tr>
<tr>
<td>@google_search_outline</td>
<td>0</td>
<td>8</td>
<td>0</td>
<td>0</td>
<td>0%</td>
</tr>
<tr>
<td>@google_search_data_table</td>
<td>0</td>
<td>1</td>
<td>0</td>
<td>0</td>
<td>0%</td>
</tr>
</tbody>
</table></div>
</div>
</div>
</div>
</div>
<script>
var statusGroup = {
parentCount: 5,
passParent: 0,
failParent: 5,
warningParent: 0,
skipParent: 0,
childCount: 5,
passChild: 5,
failChild: 15,
warningChild: 0,
skipChild: 0,
infoChild: 0,
grandChildCount: 5,
passGrandChild: 79,
failGrandChild: 15,
warningGrandChild: 0,
skipGrandChild: 12,
infoGrandChild: 0,
eventsCount: 5,
};
</script>        </div>
      </div>
    </div>
  </div>
<script src="https://cdn.jsdelivr.net/gh/extent-framework/extent-github-cdn@ce8b10435bcbae260c334c0d0c6b61d2c19b6168/spark/js/spark-script.js"></script>
<script type="text/javascript"></script></body>
</html>